src/app.e2e-spec.ts(13,10): error TS2724: '"@calcom/platform-libraries"' has no exported member named 'SchedulesModule_2024_04_15'. Did you mean 'SchedulesModule_2024_06_11'?
src/debug_main.ts(9,5): error TS2578: Unused '@ts-expect-error' directive.
src/debug_main.ts(16,15): error TS2345: Argument of type 'INestApplication<any>' is not assignable to parameter of type 'NestExpressApplication<Server<typeof IncomingMessage, typeof ServerResponse>>'.
  Type 'INestApplication<any>' is missing the following properties from type 'NestExpressApplication<Server<typeof IncomingMessage, typeof ServerResponse>>': set, engine, enable, disable, and 5 more.
src/modules/atoms/controllers/atoms.event-types.controller.ts(182,7): error TS2322: Type 'void' is not assignable to type '{ eventType: { team: { id: number; name: string; slug: string | null; parentId: number | null; parent: { slug: string | null; } | null; rrTimestampBasis: RRTimestampBasis; members: { ...; }[]; } | null; ... 13 more ...; hostGroups: { ...; }[]; }; }'.
src/modules/atoms/controllers/atoms.event-types.controller.ts(205,7): error TS2322: Type 'void' is not assignable to type '{ eventType: { team: { id: number; name: string; slug: string | null; parentId: number | null; parent: { slug: string | null; } | null; rrTimestampBasis: RRTimestampBasis; members: { ...; }[]; } | null; ... 13 more ...; hostGroups: { ...; }[]; }; }'.
src/modules/billing/services/billing.service.ts(457,64): error TS2554: Expected 1 arguments, but got 2.
src/modules/conferencing/services/office365-video.service.ts(20,33): error TS2729: Property 'config' is used before its initialization.
src/modules/conferencing/services/zoom-video.service.ts(26,33): error TS2729: Property 'config' is used before its initialization.
src/modules/destination-calendars/controllers/destination-calendars.controller.e2e-spec.ts(76,7): error TS2345: Argument of type 'Promise<{ connectedCalendars: { integration: { installed: false; type: string; title: string; name: string; description: string; variant: string; slug: string; locationOption: null; categories: string[]; ... 5 more ...; updatedAt: string; }; error: { ...; }; delegationCredentialId: null; credentialId: number; }[]; d...' is not assignable to parameter of type 'Promise<{ connectedCalendars: ConnectedCalendar[]; destinationCalendar: IntegrationCalendar | undefined; }>'.
  Type '{ connectedCalendars: { integration: { installed: false; type: string; title: string; name: string; description: string; variant: string; slug: string; locationOption: null; categories: string[]; logo: string; ... 4 more ...; updatedAt: string; }; error: { ...; }; delegationCredentialId: null; credentialId: number; ...' is not assignable to type '{ connectedCalendars: ConnectedCalendar[]; destinationCalendar: IntegrationCalendar | undefined; }'.
    The types of 'destinationCalendar.id' are incompatible between these types.
      Type 'number' is not assignable to type 'string'.
src/modules/destination-calendars/services/destination-calendars.service.ts(38,13): error TS2367: This comparison appears to be unintentional because the types 'null | undefined' and 'string' have no overlap.
src/modules/organizations/bookings/managed-organizations-bookings.controller.e2e-spec.ts(101,69): error TS1361: 'SchedulesService_2024_04_15' cannot be used as a value because it was imported using 'import type'.
src/modules/organizations/bookings/organizations-bookings.controller.e2e-spec.ts(93,69): error TS1361: 'SchedulesService_2024_04_15' cannot be used as a value because it was imported using 'import type'.
src/modules/organizations/delegation-credentials/organizations-delegation-credential.controller.e2e-spec.ts(143,11): error TS2322: Type 'objectOutputType<{ client_email: ZodOptional<ZodString>; client_id: ZodString; encrypted_credentials: ZodString; tenant_id: ZodOptional<ZodString>; }, ZodTypeAny, "passthrough">' is not assignable to type 'JsonNull | InputJsonValue'.
  Type 'objectOutputType<{ client_email: ZodOptional<ZodString>; client_id: ZodString; encrypted_credentials: ZodString; tenant_id: ZodOptional<ZodString>; }, ZodTypeAny, "passthrough">' is missing the following properties from type 'readonly (InputJsonValue | null)[]': length, concat, join, slice, and 20 more.
src/modules/organizations/event-types/services/organizations-event-types.service.ts(46,9): error TS2578: Unused '@ts-expect-error' directive.
src/modules/organizations/teams/bookings/organizations-teams-bookings.controller.e2e-spec.ts(88,69): error TS1361: 'SchedulesService_2024_04_15' cannot be used as a value because it was imported using 'import type'.
src/modules/organizations/teams/invite/organizations-teams-invite.controller.ts(39,38): error TS2739: Type '{}' is missing the following properties from type 'InviteDataDto': token, inviteLink
src/modules/organizations/users/bookings/controllers/organizations-users-bookings.e2e-spec.ts(88,69): error TS1361: 'SchedulesService_2024_04_15' cannot be used as a value because it was imported using 'import type'.
src/modules/router/controllers/router.controller.ts(87,7): error TS2339: Property 'email' does not exist on type 'String'.
src/modules/router/controllers/router.controller.ts(88,7): error TS2339: Property 'recordType' does not exist on type 'String'.
src/modules/router/controllers/router.controller.ts(89,7): error TS2339: Property 'crmAppSlug' does not exist on type 'String'.
src/modules/selected-calendars/controllers/selected-calendars.controller.e2e-spec.ts(75,27): error TS2345: Argument of type '() => Promise<{ connectedCalendars: { integration: { installed: false; type: string; title: string; name: string; description: string; variant: string; slug: string; locationOption: null; categories: string[]; logo: string; publisher: string; url: string; email: string; }; credentialId: number; error: { ...; }; }[];...' is not assignable to parameter of type '(userId: number) => Promise<{ connectedCalendars: ConnectedCalendar[]; destinationCalendar: IntegrationCalendar | undefined; }>'.
  Type 'Promise<{ connectedCalendars: { integration: { installed: false; type: string; title: string; name: string; description: string; variant: string; slug: string; locationOption: null; categories: string[]; logo: string; publisher: string; url: string; email: string; }; credentialId: number; error: { ...; }; }[]; desti...' is not assignable to type 'Promise<{ connectedCalendars: ConnectedCalendar[]; destinationCalendar: IntegrationCalendar | undefined; }>'.
    Type '{ connectedCalendars: { integration: { installed: false; type: string; title: string; name: string; description: string; variant: string; slug: string; locationOption: null; categories: string[]; logo: string; publisher: string; url: string; email: string; }; credentialId: number; error: { ...; }; }[]; destinationCa...' is not assignable to type '{ connectedCalendars: ConnectedCalendar[]; destinationCalendar: IntegrationCalendar | undefined; }'.
      The types of 'destinationCalendar.id' are incompatible between these types.
        Type 'number' is not assignable to type 'string'.
src/modules/stripe/stripe.service.ts(36,33): error TS2729: Property 'config' is used before its initialization.
src/modules/stripe/stripe.service.ts(37,28): error TS2729: Property 'config' is used before its initialization.
src/modules/stripe/stripe.service.ts(38,30): error TS2729: Property 'config' is used before its initialization.
src/modules/stripe/stripe.service.ts(39,37): error TS2729: Property 'config' is used before its initialization.
src/modules/teams/bookings/teams-bookings.controller.e2e-spec.ts(99,16): error TS2352: Conversion of type 'BookingOutput_2024_08_13 | CreateSeatedBookingOutput_2024_08_13' to type 'BookingOutput_2024_08_13' may be a mistake because neither type sufficiently overlaps with the other. If this was intentional, convert the expression to 'unknown' first.
  Property 'bookingFieldsResponses' is missing in type 'CreateSeatedBookingOutput_2024_08_13' but required in type 'BookingOutput_2024_08_13'.
src/modules/teams/bookings/teams-bookings.controller.e2e-spec.ts(122,69): error TS1361: 'SchedulesService_2024_04_15' cannot be used as a value because it was imported using 'import type'.
src/modules/teams/event-types/controllers/teams-event-types.controller.ts(127,7): error TS2739: Type '{ eventTypeId: number; start: string; name: string; email: string; phoneNumber?: string | undefined; notes?: string | undefined; }' is missing the following properties from type '{ eventTypeId: number; enabled: boolean; yourPhoneNumber: string; numberToCall: string; calApiKey: string; templateType: "CHECK_IN_APPOINTMENT" | "CUSTOM_TEMPLATE"; generalPrompt?: string | undefined; ... 4 more ...; guestCompany?: string | undefined; }': enabled, yourPhoneNumber, numberToCall, calApiKey, templateType
src/modules/teams/event-types/controllers/teams-event-types.controller.ts(132,7): error TS2739: Type '{ callId: string; agentId: string | undefined; }' is missing the following properties from type '{ id: number; uid: string; title: string; startTime: string; endTime: string; }': id, uid, title, startTime, endTime
src/modules/teams/event-types/services/teams-event-types.service.ts(45,9): error TS2578: Unused '@ts-expect-error' directive.
src/modules/teams/event-types/services/teams-event-types.service.ts(127,9): error TS2739: Type '{ id: number; role: UserPermissionRole; organizationId: null; organization: { id: null; isOrgAdmin: boolean; metadata: {}; requestedSlug: null; }; profile: { id: number | null; }; metadata: JsonValue; email: string; }' is missing the following properties from type 'User': username, userLevelSelectedCalendars, locale
src/modules/teams/event-types/services/teams-event-types.service.ts(129,9): error TS2578: Unused '@ts-expect-error' directive.
src/modules/teams/invite/controllers/teams-invite.controller.ts(27,38): error TS2739: Type '{}' is missing the following properties from type 'InviteDataDto': token, inviteLink
src/modules/teams/teams/services/teams.service.ts(12,39): error TS2729: Property 'configService' is used before its initialization.
src/modules/workflows/inputs/workflow-step.input.ts(142,3): error TS2612: Property 'action' will overwrite the base property in 'BaseWorkflowStepDto'. If this is intentional, add an initializer. Otherwise, add a 'declare' modifier or remove the redundant declaration.
test/mocks/calendars-service-mock.ts(73,9): error TS2322: Type 'null' is not assignable to type 'number | undefined'.
test/mocks/calendars-service-mock.ts(74,9): error TS2322: Type 'number' is not assignable to type 'string'.
test/utils/withNoThrottler.ts(4,46): error TS2769: No overload matches this call.
  Overload 1 of 3, '(object: CustomThrottlerGuard, method: never): SpyInstance<never, never, any>', gave the following error.
    Argument of type '"handleRequest"' is not assignable to parameter of type 'never'.
  Overload 2 of 3, '(object: CustomThrottlerGuard, method: keyof CustomThrottlerGuard): SpyInstance<number | Promise<void> | Promise<boolean>, [] | ... 1 more ... | [context: ...], any>', gave the following error.
    Argument of type '"handleRequest"' is not assignable to parameter of type 'keyof CustomThrottlerGuard'.
test/utils/withNoThrottler.ts(4,63): error TS2339: Property 'mockResolvedValue' does not exist on type 'never'.
../../../packages/features/routing-forms/lib/getUrlSearchParamsToForward.ts(91,3): error TS2578: Unused '@ts-expect-error' directive.
../../../packages/lib/slugify.ts(13,5): error TS2578: Unused '@ts-expect-error' directive.
../../../packages/lib/slugify.ts(15,5): error TS2578: Unused '@ts-expect-error' directive.
../../../packages/platform/types/bookings/2024-08-13/outputs/booking.output.ts(335,3): error TS2612: Property 'bookingFieldsResponses' will overwrite the base property in 'BookingOutput_2024_08_13'. If this is intentional, add an initializer. Otherwise, add a 'declare' modifier or remove the redundant declaration.
../../../packages/platform/types/event-types/event-types_2024_06_14/outputs/booking-fields.output.ts(54,3): error TS2612: Property 'type' will overwrite the base property in 'NameDefaultFieldInput_2024_06_14'. If this is intentional, add an initializer. Otherwise, add a 'declare' modifier or remove the redundant declaration.
../../../packages/platform/types/event-types/event-types_2024_06_14/outputs/booking-fields.output.ts(80,3): error TS2612: Property 'type' will overwrite the base property in 'SplitNameDefaultFieldInput_2024_06_14'. If this is intentional, add an initializer. Otherwise, add a 'declare' modifier or remove the redundant declaration.
../../../packages/platform/types/event-types/event-types_2024_06_14/outputs/booking-fields.output.ts(102,3): error TS2612: Property 'type' will overwrite the base property in 'EmailDefaultFieldInput_2024_06_14'. If this is intentional, add an initializer. Otherwise, add a 'declare' modifier or remove the redundant declaration.
../../../packages/platform/types/event-types/event-types_2024_06_14/outputs/booking-fields.output.ts(106,3): error TS2612: Property 'required' will overwrite the base property in 'EmailDefaultFieldInput_2024_06_14'. If this is intentional, add an initializer. Otherwise, add a 'declare' modifier or remove the redundant declaration.
../../../packages/platform/types/event-types/event-types_2024_06_14/outputs/booking-fields.output.ts(113,3): error TS2612: Property 'hidden' will overwrite the base property in 'EmailDefaultFieldInput_2024_06_14'. If this is intentional, add an initializer. Otherwise, add a 'declare' modifier or remove the redundant declaration.
../../../packages/platform/types/event-types/event-types_2024_06_14/outputs/booking-fields.output.ts(169,3): error TS2612: Property 'slug' will overwrite the base property in 'RescheduleReasonDefaultFieldInput_2024_06_14'. If this is intentional, add an initializer. Otherwise, add a 'declare' modifier or remove the redundant declaration.
../../../packages/platform/types/event-types/event-types_2024_06_14/outputs/booking-fields.output.ts(179,3): error TS2612: Property 'required' will overwrite the base property in 'RescheduleReasonDefaultFieldInput_2024_06_14'. If this is intentional, add an initializer. Otherwise, add a 'declare' modifier or remove the redundant declaration.
../../../packages/platform/types/event-types/event-types_2024_06_14/outputs/booking-fields.output.ts(186,3): error TS2612: Property 'hidden' will overwrite the base property in 'RescheduleReasonDefaultFieldInput_2024_06_14'. If this is intentional, add an initializer. Otherwise, add a 'declare' modifier or remove the redundant declaration.
../../../packages/platform/types/event-types/event-types_2024_06_14/outputs/booking-fields.output.ts(191,3): error TS2612: Property 'label' will overwrite the base property in 'RescheduleReasonDefaultFieldInput_2024_06_14'. If this is intentional, add an initializer. Otherwise, add a 'declare' modifier or remove the redundant declaration.
../../../packages/platform/types/event-types/event-types_2024_06_14/outputs/booking-fields.output.ts(196,3): error TS2612: Property 'placeholder' will overwrite the base property in 'RescheduleReasonDefaultFieldInput_2024_06_14'. If this is intentional, add an initializer. Otherwise, add a 'declare' modifier or remove the redundant declaration.
../../../packages/platform/types/event-types/event-types_2024_06_14/outputs/booking-fields.output.ts(206,3): error TS2612: Property 'disableOnPrefill' will overwrite the base property in 'RescheduleReasonDefaultFieldInput_2024_06_14'. If this is intentional, add an initializer. Otherwise, add a 'declare' modifier or remove the redundant declaration.
../../../packages/platform/types/event-types/event-types_2024_06_14/outputs/booking-fields.output.ts(222,3): error TS2612: Property 'slug' will overwrite the base property in 'TitleDefaultFieldInput_2024_06_14'. If this is intentional, add an initializer. Otherwise, add a 'declare' modifier or remove the redundant declaration.
../../../packages/platform/types/event-types/event-types_2024_06_14/outputs/booking-fields.output.ts(232,3): error TS2612: Property 'required' will overwrite the base property in 'TitleDefaultFieldInput_2024_06_14'. If this is intentional, add an initializer. Otherwise, add a 'declare' modifier or remove the redundant declaration.
../../../packages/platform/types/event-types/event-types_2024_06_14/outputs/booking-fields.output.ts(239,3): error TS2612: Property 'hidden' will overwrite the base property in 'TitleDefaultFieldInput_2024_06_14'. If this is intentional, add an initializer. Otherwise, add a 'declare' modifier or remove the redundant declaration.
../../../packages/platform/types/event-types/event-types_2024_06_14/outputs/booking-fields.output.ts(244,3): error TS2612: Property 'label' will overwrite the base property in 'TitleDefaultFieldInput_2024_06_14'. If this is intentional, add an initializer. Otherwise, add a 'declare' modifier or remove the redundant declaration.
../../../packages/platform/types/event-types/event-types_2024_06_14/outputs/booking-fields.output.ts(249,3): error TS2612: Property 'placeholder' will overwrite the base property in 'TitleDefaultFieldInput_2024_06_14'. If this is intentional, add an initializer. Otherwise, add a 'declare' modifier or remove the redundant declaration.
../../../packages/platform/types/event-types/event-types_2024_06_14/outputs/booking-fields.output.ts(259,3): error TS2612: Property 'disableOnPrefill' will overwrite the base property in 'TitleDefaultFieldInput_2024_06_14'. If this is intentional, add an initializer. Otherwise, add a 'declare' modifier or remove the redundant declaration.
../../../packages/platform/types/event-types/event-types_2024_06_14/outputs/booking-fields.output.ts(275,3): error TS2612: Property 'slug' will overwrite the base property in 'NotesDefaultFieldInput_2024_06_14'. If this is intentional, add an initializer. Otherwise, add a 'declare' modifier or remove the redundant declaration.
../../../packages/platform/types/event-types/event-types_2024_06_14/outputs/booking-fields.output.ts(285,3): error TS2612: Property 'required' will overwrite the base property in 'NotesDefaultFieldInput_2024_06_14'. If this is intentional, add an initializer. Otherwise, add a 'declare' modifier or remove the redundant declaration.
../../../packages/platform/types/event-types/event-types_2024_06_14/outputs/booking-fields.output.ts(292,3): error TS2612: Property 'hidden' will overwrite the base property in 'NotesDefaultFieldInput_2024_06_14'. If this is intentional, add an initializer. Otherwise, add a 'declare' modifier or remove the redundant declaration.
../../../packages/platform/types/event-types/event-types_2024_06_14/outputs/booking-fields.output.ts(297,3): error TS2612: Property 'label' will overwrite the base property in 'NotesDefaultFieldInput_2024_06_14'. If this is intentional, add an initializer. Otherwise, add a 'declare' modifier or remove the redundant declaration.
../../../packages/platform/types/event-types/event-types_2024_06_14/outputs/booking-fields.output.ts(302,3): error TS2612: Property 'placeholder' will overwrite the base property in 'NotesDefaultFieldInput_2024_06_14'. If this is intentional, add an initializer. Otherwise, add a 'declare' modifier or remove the redundant declaration.
../../../packages/platform/types/event-types/event-types_2024_06_14/outputs/booking-fields.output.ts(312,3): error TS2612: Property 'disableOnPrefill' will overwrite the base property in 'NotesDefaultFieldInput_2024_06_14'. If this is intentional, add an initializer. Otherwise, add a 'declare' modifier or remove the redundant declaration.
../../../packages/platform/types/event-types/event-types_2024_06_14/outputs/booking-fields.output.ts(328,3): error TS2612: Property 'slug' will overwrite the base property in 'GuestsDefaultFieldInput_2024_06_14'. If this is intentional, add an initializer. Otherwise, add a 'declare' modifier or remove the redundant declaration.
../../../packages/platform/types/event-types/event-types_2024_06_14/outputs/booking-fields.output.ts(338,3): error TS2612: Property 'required' will overwrite the base property in 'GuestsDefaultFieldInput_2024_06_14'. If this is intentional, add an initializer. Otherwise, add a 'declare' modifier or remove the redundant declaration.
../../../packages/platform/types/event-types/event-types_2024_06_14/outputs/booking-fields.output.ts(345,3): error TS2612: Property 'hidden' will overwrite the base property in 'GuestsDefaultFieldInput_2024_06_14'. If this is intentional, add an initializer. Otherwise, add a 'declare' modifier or remove the redundant declaration.
../../../packages/platform/types/event-types/event-types_2024_06_14/outputs/booking-fields.output.ts(350,3): error TS2612: Property 'label' will overwrite the base property in 'GuestsDefaultFieldInput_2024_06_14'. If this is intentional, add an initializer. Otherwise, add a 'declare' modifier or remove the redundant declaration.
../../../packages/platform/types/event-types/event-types_2024_06_14/outputs/booking-fields.output.ts(355,3): error TS2612: Property 'placeholder' will overwrite the base property in 'GuestsDefaultFieldInput_2024_06_14'. If this is intentional, add an initializer. Otherwise, add a 'declare' modifier or remove the redundant declaration.
../../../packages/platform/types/event-types/event-types_2024_06_14/outputs/booking-fields.output.ts(365,3): error TS2612: Property 'disableOnPrefill' will overwrite the base property in 'GuestsDefaultFieldInput_2024_06_14'. If this is intentional, add an initializer. Otherwise, add a 'declare' modifier or remove the redundant declaration.
../../../packages/platform/types/event-types/event-types_2024_06_14/outputs/booking-fields.output.ts(435,3): error TS2612: Property 'hidden' will overwrite the base property in 'PhoneFieldInput_2024_06_14'. If this is intentional, add an initializer. Otherwise, add a 'declare' modifier or remove the redundant declaration.
../../../packages/platform/types/event-types/event-types_2024_06_14/outputs/booking-fields.output.ts(452,3): error TS2612: Property 'hidden' will overwrite the base property in 'AddressFieldInput_2024_06_14'. If this is intentional, add an initializer. Otherwise, add a 'declare' modifier or remove the redundant declaration.
../../../packages/platform/types/event-types/event-types_2024_06_14/outputs/booking-fields.output.ts(469,3): error TS2612: Property 'hidden' will overwrite the base property in 'TextFieldInput_2024_06_14'. If this is intentional, add an initializer. Otherwise, add a 'declare' modifier or remove the redundant declaration.
../../../packages/platform/types/event-types/event-types_2024_06_14/outputs/booking-fields.output.ts(486,3): error TS2612: Property 'hidden' will overwrite the base property in 'UrlFieldInput_2024_06_14'. If this is intentional, add an initializer. Otherwise, add a 'declare' modifier or remove the redundant declaration.
../../../packages/platform/types/event-types/event-types_2024_06_14/outputs/booking-fields.output.ts(503,3): error TS2612: Property 'hidden' will overwrite the base property in 'NumberFieldInput_2024_06_14'. If this is intentional, add an initializer. Otherwise, add a 'declare' modifier or remove the redundant declaration.
../../../packages/platform/types/event-types/event-types_2024_06_14/outputs/booking-fields.output.ts(520,3): error TS2612: Property 'hidden' will overwrite the base property in 'TextAreaFieldInput_2024_06_14'. If this is intentional, add an initializer. Otherwise, add a 'declare' modifier or remove the redundant declaration.
../../../packages/platform/types/event-types/event-types_2024_06_14/outputs/booking-fields.output.ts(537,3): error TS2612: Property 'hidden' will overwrite the base property in 'SelectFieldInput_2024_06_14'. If this is intentional, add an initializer. Otherwise, add a 'declare' modifier or remove the redundant declaration.
../../../packages/platform/types/event-types/event-types_2024_06_14/outputs/booking-fields.output.ts(554,3): error TS2612: Property 'hidden' will overwrite the base property in 'MultiSelectFieldInput_2024_06_14'. If this is intentional, add an initializer. Otherwise, add a 'declare' modifier or remove the redundant declaration.
../../../packages/platform/types/event-types/event-types_2024_06_14/outputs/booking-fields.output.ts(571,3): error TS2612: Property 'hidden' will overwrite the base property in 'MultiEmailFieldInput_2024_06_14'. If this is intentional, add an initializer. Otherwise, add a 'declare' modifier or remove the redundant declaration.
../../../packages/platform/types/event-types/event-types_2024_06_14/outputs/booking-fields.output.ts(588,3): error TS2612: Property 'hidden' will overwrite the base property in 'CheckboxGroupFieldInput_2024_06_14'. If this is intentional, add an initializer. Otherwise, add a 'declare' modifier or remove the redundant declaration.
../../../packages/platform/types/event-types/event-types_2024_06_14/outputs/booking-fields.output.ts(605,3): error TS2612: Property 'hidden' will overwrite the base property in 'RadioGroupFieldInput_2024_06_14'. If this is intentional, add an initializer. Otherwise, add a 'declare' modifier or remove the redundant declaration.
../../../packages/platform/types/event-types/event-types_2024_06_14/outputs/booking-fields.output.ts(622,3): error TS2612: Property 'hidden' will overwrite the base property in 'BooleanFieldInput_2024_06_14'. If this is intentional, add an initializer. Otherwise, add a 'declare' modifier or remove the redundant declaration.
../../../packages/platform/types/event-types/event-types_2024_06_14/outputs/event-type.output.ts(595,3): error TS2612: Property 'hideCalendarEventDetails' will overwrite the base property in 'BaseEventTypeOutput_2024_06_14'. If this is intentional, add an initializer. Otherwise, add a 'declare' modifier or remove the redundant declaration.
../../../packages/platform/types/organizations/teams/outputs/team.output.ts(11,12): error TS2612: Property 'parentId' will overwrite the base property in 'TeamOutputDto'. If this is intentional, add an initializer. Otherwise, add a 'declare' modifier or remove the redundant declaration.
../../../packages/trpc/server/routers/viewer/slots/util.ts(1071,25): error TS2729: Property 'dependencies' is used before its initialization.
