â€¢ turbo 2.7.1
â€¢ Packages in scope: @calcom/alby, @calcom/amie, @calcom/api, @calcom/api-proxy, @calcom/api-v2, @calcom/app-store, @calcom/app-store-cli, @calcom/applecalendar, @calcom/atoms, @calcom/attio, @calcom/autocheckin, @calcom/baa-for-hipaa, @calcom/base, @calcom/basecamp3, @calcom/bolna, @calcom/btcpayserver, @calcom/caldavcalendar, @calcom/campfire, @calcom/chatbase, @calcom/clic, @calcom/closecom, @calcom/config, @calcom/cron, @calcom/dailyvideo, @calcom/databuddy, @calcom/dayjs, @calcom/debugging, @calcom/deel, @calcom/demodesk, @calcom/dialpad, @calcom/discord, @calcom/dub, @calcom/eightxeight, @calcom/element-call, @calcom/elevenlabs, @calcom/emails, @calcom/embed-core, @calcom/embed-react, @calcom/embed-snippet, @calcom/example-app-credential-sync, @calcom/exchange2013calendar, @calcom/exchange2016calendar, @calcom/exchangecalendar, @calcom/facetime, @calcom/fathom, @calcom/feature-auth, @calcom/features, @calcom/feishucalendar, @calcom/fonio-ai, @calcom/framer, @calcom/ga4, @calcom/giphy, @calcom/googlecalendar, @calcom/googlevideo, @calcom/granola, @calcom/greetmate-ai, @calcom/gtm, @calcom/hitpay, @calcom/horizon-workrooms, @calcom/hubspot, @calcom/huddle01video, @calcom/ics-feed, @calcom/insihts, @calcom/intercom, @calcom/jelly, @calcom/jitsivideo, @calcom/kysely, @calcom/larkcalendar, @calcom/lib, @calcom/lindy, @calcom/linear, @calcom/make, @calcom/matomo, @calcom/metapixel, @calcom/millis-ai, @calcom/mirotalk, @calcom/mock-payment-app, @calcom/monobot, @calcom/n8n, @calcom/nextcloudtalk, @calcom/office365calendar, @calcom/office365video, @calcom/paypal, @calcom/ping, @calcom/pipedream, @calcom/pipedrive-crm, @calcom/platform-constants, @calcom/platform-enums, @calcom/platform-libraries, @calcom/platform-types, @calcom/platform-utils, @calcom/plausible, @calcom/posthog, @calcom/prisma, @calcom/qr_code, @calcom/raycast, @calcom/retell-ai, @calcom/riverside, @calcom/roam, @calcom/routing-forms, @calcom/salesforce, @calcom/salesroom, @calcom/sendgrid, @calcom/shimmer-video, @calcom/signal, @calcom/sirius_video, @calcom/skype, @calcom/stripepayment, @calcom/sylapsvideo, @calcom/synthflow, @calcom/tandemvideo, @calcom/telegram, @calcom/telli, @calcom/testing, @calcom/trpc, @calcom/tsconfig, @calcom/twipla, @calcom/types, @calcom/ui, @calcom/umami, @calcom/vimcal, @calcom/vital, @calcom/weather_in_your_calendar, @calcom/web, @calcom/webex, @calcom/whatsapp, @calcom/whereby, @calcom/wordpress, @calcom/zapier, @calcom/zoho-bigin, @calcom/zohocalendar, @calcom/zohocrm, @calcom/zoomvideo, @coss/ui, WipeMyCal
â€¢ Running type-check:ci in 135 packages
â€¢ Remote caching disabled
cache bypass, force executing 059a6c297c747b1f
warn The configuration property `package.json#prisma` is deprecated and will be removed in Prisma 7. Please migrate to a Prisma config file (e.g., `prisma.config.ts`).
For more information, see: https://pris.ly/prisma-config

Environment variables loaded from .env
Prisma schema loaded from schema.prisma

âœ” Generated Prisma Client (6.16.1) to ./generated/prisma in 362ms

âœ” Generated Zod Prisma Types to ./zod in 1.32s

âœ” Generated Kysely types (2.2.0) to ./../kysely in 274ms

âœ” Generated Prisma Enum Generator to ./enums/index.ts in 238ms

warn The configuration property `package.json#prisma` is deprecated and will be removed in Prisma 7. Please migrate to a Prisma config file (e.g., `prisma.config.ts`).
For more information, see: https://pris.ly/prisma-config

Prisma schema loaded from schema.prisma
Formatted schema.prisma in 44ms ðŸš€
cache bypass, force executing 4974bfe04da0cad2
cache bypass, force executing e77ff167b00afa4b
cache bypass, force executing e2914d36414ec477
cache bypass, force executing a63be271477caf70
cache bypass, force executing 617d3ee15c77c441
cache bypass, force executing 904ff62dce65ae73
cache bypass, force executing 2cc050b2ac63c80e
cache bypass, force executing 787c8c90e4d4d677
cache bypass, force executing c4dfb5e835be9a7a
[96m/Users/leoturbetdelof/Downloads/A trier/Thotis Final/cal.com-main/apps/web/app/(booking-page-wrapper)/team/[slug]/[type]/page.tsx[0m:[93m47[0m:[93m24[0m - [91merror[0m[90m TS18048: [0m'eventData.profile' is possibly 'undefined'.

[7m47[0m   const profileImage = eventData?.profile.image;
[7m  [0m [91m                       ~~~~~~~~~~~~~~~~~~[0m

[96m/Users/leoturbetdelof/Downloads/A trier/Thotis Final/cal.com-main/apps/web/app/(booking-page-wrapper)/team/[slug]/page.tsx[0m:[93m21[0m:[93m33[0m - [91merror[0m[90m TS2345: [0mArgument of type '{ name: string | null; slug: string | null; metadata: Record<string, unknown>; safeBio?: string | undefined; bio?: string | null | undefined; theme?: string | null | undefined; logoUrl?: string | ... 1 more ... | undefined; ... 6 more ...; eventTypes?: Record<...>[] | ... 1 more ... | undefined; }' is not assignable to parameter of type 'Pick<{ isPlatform: boolean; hideBranding: boolean; timeZone: string; metadata: JsonValue; name: string; id: number; slug: string | null; parentId: number | null; bookingLimits: JsonValue; ... 23 more ...; includeManagedEventsInLimits: boolean; }, "name" | "logoUrl"> & { ...; }'.
  Type '{ name: string | null; slug: string | null; metadata: Record<string, unknown>; safeBio?: string | undefined; bio?: string | null | undefined; theme?: string | null | undefined; logoUrl?: string | ... 1 more ... | undefined; ... 6 more ...; eventTypes?: Record<...>[] | ... 1 more ... | undefined; }' is not assignable to type 'Pick<{ isPlatform: boolean; hideBranding: boolean; timeZone: string; metadata: JsonValue; name: string; id: number; slug: string | null; parentId: number | null; bookingLimits: JsonValue; ... 23 more ...; includeManagedEventsInLimits: boolean; }, "name" | "logoUrl">'.
    Types of property 'name' are incompatible.
      Type 'string | null' is not assignable to type 'string'.
        Type 'null' is not assignable to type 'string'.

[7m21[0m       image: getOrgOrTeamAvatar(team),
[7m  [0m [91m                                ~~~~[0m

[96m/Users/leoturbetdelof/Downloads/A trier/Thotis Final/cal.com-main/apps/web/app/api/cron/credentials/__tests__/cron.test.ts[0m:[93m4[0m:[93m41[0m - [91merror[0m[90m TS2307: [0mCannot find module '../route' or its corresponding type declarations.

[7m4[0m import { handleCreateCredentials } from "../route";
[7m [0m [91m                                        ~~~~~~~~~~[0m

[96m/Users/leoturbetdelof/Downloads/A trier/Thotis Final/cal.com-main/apps/web/app/api/cron/selected-calendars/route.ts[0m:[93m125[0m:[93m35[0m - [91merror[0m[90m TS2339: [0mProperty 'delegatedTo' does not exist on type 'never'.

[7m125[0m     !credentialForCalendarService.delegatedTo ||
[7m   [0m [91m                                  ~~~~~~~~~~~[0m

[96m/Users/leoturbetdelof/Downloads/A trier/Thotis Final/cal.com-main/apps/web/app/api/cron/selected-calendars/route.ts[0m:[93m126[0m:[93m35[0m - [91merror[0m[90m TS2339: [0mProperty 'delegatedTo' does not exist on type 'never'.

[7m126[0m     !credentialForCalendarService.delegatedTo.serviceAccountKey ||
[7m   [0m [91m                                  ~~~~~~~~~~~[0m

[96m/Users/leoturbetdelof/Downloads/A trier/Thotis Final/cal.com-main/apps/web/app/api/cron/selected-calendars/route.ts[0m:[93m127[0m:[93m35[0m - [91merror[0m[90m TS2339: [0mProperty 'delegatedTo' does not exist on type 'never'.

[7m127[0m     !credentialForCalendarService.delegatedTo.serviceAccountKey.client_email
[7m   [0m [91m                                  ~~~~~~~~~~~[0m

[96m/Users/leoturbetdelof/Downloads/A trier/Thotis Final/cal.com-main/apps/web/app/api/cron/selected-calendars/route.ts[0m:[93m132[0m:[93m56[0m - [91merror[0m[90m TS2339: [0mProperty 'delegatedTo' does not exist on type 'never'.

[7m132[0m         delegatedToSet: !!credentialForCalendarService.delegatedTo,
[7m   [0m [91m                                                       ~~~~~~~~~~~[0m

[96m/Users/leoturbetdelof/Downloads/A trier/Thotis Final/cal.com-main/apps/web/app/api/cron/selected-calendars/route.ts[0m:[93m133[0m:[93m62[0m - [91merror[0m[90m TS2339: [0mProperty 'delegatedTo' does not exist on type 'never'.

[7m133[0m         serviceAccountKeySet: !!credentialForCalendarService.delegatedTo?.serviceAccountKey,
[7m   [0m [91m                                                             ~~~~~~~~~~~[0m

[96m/Users/leoturbetdelof/Downloads/A trier/Thotis Final/cal.com-main/apps/web/app/api/cron/selected-calendars/route.ts[0m:[93m134[0m:[93m56[0m - [91merror[0m[90m TS2339: [0mProperty 'delegatedTo' does not exist on type 'never'.

[7m134[0m         clientEmailSet: !!credentialForCalendarService.delegatedTo?.serviceAccountKey?.client_email,
[7m   [0m [91m                                                       ~~~~~~~~~~~[0m

[96m/Users/leoturbetdelof/Downloads/A trier/Thotis Final/cal.com-main/apps/web/app/api/cron/workflows/scheduleWhatsappReminders/route.ts[0m:[93m7[0m:[93m18[0m - [91merror[0m[90m TS2304: [0mCannot find name 'request'.

[7m7[0m   const apiKey = request.headers.get("authorization") || req.nextUrl.searchParams.get("apiKey");
[7m [0m [91m                 ~~~~~~~[0m

[96m/Users/leoturbetdelof/Downloads/A trier/Thotis Final/cal.com-main/apps/web/app/api/webhooks/retell-ai/__tests__/route.test.ts[0m:[93m77[0m:[93m5[0m - [91merror[0m[90m TS2304: [0mCannot find name 'mockSendCreditBalanceLimitReachedEmails'.

[7m77[0m     mockSendCreditBalanceLimitReachedEmails(...args),
[7m  [0m [91m    ~~~~~~~~~~~~~~~~~~~~~~~~~~~~~~~~~~~~~~~[0m

[96m/Users/leoturbetdelof/Downloads/A trier/Thotis Final/cal.com-main/apps/web/app/api/webhooks/retell-ai/__tests__/route.test.ts[0m:[93m78[0m:[93m62[0m - [91merror[0m[90m TS2304: [0mCannot find name 'mockSendCreditBalanceLowWarningEmails'.

[7m78[0m   sendCreditBalanceLowWarningEmails: (...args: unknown[]) => mockSendCreditBalanceLowWarningEmails(...args),
[7m  [0m [91m                                                             ~~~~~~~~~~~~~~~~~~~~~~~~~~~~~~~~~~~~~[0m

[96m/Users/leoturbetdelof/Downloads/A trier/Thotis Final/cal.com-main/apps/web/app/api/webhooks/retell-ai/__tests__/route.test.ts[0m:[93m119[0m:[93m58[0m - [91merror[0m[90m TS2554: [0mExpected 1 arguments, but got 2.

[7m119[0m const callPOST = (request: NextRequest) => POST(request, { params: Promise.resolve({}) });
[7m   [0m [91m                                                         ~~~~~~~~~~~~~~~~~~~~~~~~~~~~~~~[0m

[96m/Users/leoturbetdelof/Downloads/A trier/Thotis Final/cal.com-main/apps/web/app/api/webhooks/retell-ai/__tests__/route.test.ts[0m:[93m456[0m:[93m14[0m - [91merror[0m[90m TS2304: [0mCannot find name 'response'.

[7m456[0m       expect(response.status).toBe(200);
[7m   [0m [91m             ~~~~~~~~[0m

[96m/Users/leoturbetdelof/Downloads/A trier/Thotis Final/cal.com-main/apps/web/app/api/webhooks/retell-ai/__tests__/route.test.ts[0m:[93m457[0m:[93m26[0m - [91merror[0m[90m TS2304: [0mCannot find name 'response'.

[7m457[0m       const data = await response.json();
[7m   [0m [91m                         ~~~~~~~~[0m

[96m/Users/leoturbetdelof/Downloads/A trier/Thotis Final/cal.com-main/apps/web/app/api/webhooks/retell-ai/__tests__/route.test.ts[0m:[93m599[0m:[93m14[0m - [91merror[0m[90m TS2304: [0mCannot find name 'response1'.

[7m599[0m       expect(response1.status).toBe(200);
[7m   [0m [91m             ~~~~~~~~~[0m

[96m/Users/leoturbetdelof/Downloads/A trier/Thotis Final/cal.com-main/apps/web/app/api/webhooks/retell-ai/__tests__/route.test.ts[0m:[93m600[0m:[93m27[0m - [91merror[0m[90m TS2304: [0mCannot find name 'response1'.

[7m600[0m       const data1 = await response1.json();
[7m   [0m [91m                          ~~~~~~~~~[0m

[96m/Users/leoturbetdelof/Downloads/A trier/Thotis Final/cal.com-main/apps/web/app/api/webhooks/retell-ai/__tests__/route.test.ts[0m:[93m716[0m:[93m13[0m - [91merror[0m[90m TS2451: [0mCannot redeclare block-scoped variable 'data'.

[7m716[0m       const data = await response.json();
[7m   [0m [91m            ~~~~[0m

[96m/Users/leoturbetdelof/Downloads/A trier/Thotis Final/cal.com-main/apps/web/app/api/webhooks/retell-ai/__tests__/route.test.ts[0m:[93m724[0m:[93m13[0m - [91merror[0m[90m TS2451: [0mCannot redeclare block-scoped variable 'data'.

[7m724[0m       const data = await response.json();
[7m   [0m [91m            ~~~~[0m

[96m/Users/leoturbetdelof/Downloads/A trier/Thotis Final/cal.com-main/apps/web/app/students/[field]/page.tsx[0m:[93m19[0m:[93m7[0m - [91merror[0m[90m TS2769: [0mNo overload matches this call.
  Overload 1 of 2, '(input: { sort?: "rating" | "popularity" | "newest" | undefined; query?: string | undefined; university?: string | undefined; expertise?: string[] | undefined; isActive?: boolean | undefined; page?: number | undefined; fieldOfStudy?: "OTHER" | ... 12 more ... | undefined; minRating?: number | undefined; pageSize?: number | undefined; }, opts: DefinedUseTRPCQueryOptions<...>): DefinedUseTRPCQueryResult<...>', gave the following error.
    Type 'boolean | ""' is not assignable to type 'boolean | undefined'.
      Type '""' is not assignable to type 'boolean | undefined'.
  Overload 2 of 2, '(input: { sort?: "rating" | "popularity" | "newest" | undefined; query?: string | undefined; university?: string | undefined; expertise?: string[] | undefined; isActive?: boolean | undefined; page?: number | undefined; fieldOfStudy?: "OTHER" | ... 12 more ... | undefined; minRating?: number | undefined; pageSize?: number | undefined; }, opts?: UseTRPCQueryOptions<...> | undefined): UseTRPCQueryResult<...>', gave the following error.
    Type 'boolean | ""' is not assignable to type 'boolean | undefined'.
      Type '""' is not assignable to type 'boolean | undefined'.

[7m19[0m     { enabled: isValidField }
[7m  [0m [91m      ~~~~~~~[0m

  [96m../../node_modules/@tanstack/query-core/build/legacy/queryClient-aPcvMwE9.d.ts[0m:[93m345[0m:[93m5[0m
    [7m345[0m     enabled?: boolean;
    [7m   [0m [96m    ~~~~~~~[0m
    The expected type comes from property 'enabled' which is declared here on type 'DefinedUseTRPCQueryOptions<{ profiles: { user: { name: string | null; username: string | null; avatarUrl: string | null; profiles: { organization: { id: number; slug: string | null; logoUrl: string | null; }; }[]; }; status: MentorStatus; ... 17 more ...; totalRatings: number; }[]; total: number; page: number; pageS...'

[96m/Users/leoturbetdelof/Downloads/A trier/Thotis Final/cal.com-main/apps/web/app/thotis/admin/incidents/page.tsx[0m:[93m161[0m:[93m27[0m - [91merror[0m[90m TS17001: [0mJSX elements cannot have multiple attributes with the same name.

[7m161[0m                           size="sm"
[7m   [0m [91m                          ~~~~[0m

[96m/Users/leoturbetdelof/Downloads/A trier/Thotis Final/cal.com-main/apps/web/app/thotis/mentor/[username]/page.tsx[0m:[93m100[0m:[93m29[0m - [91merror[0m[90m TS2322: [0mType '"academic-cap"' is not assignable to type '"code" | "map" | "filter" | "user" | "phone" | "users" | "search" | "split" | "repeat" | "bold" | "link" | "key" | "webhook" | "calendar" | "video" | "menu" | "circle" | "info" | ... 137 more ... | "zap"'.

[7m100[0m                       <Icon name="academic-cap" className="h-4 w-4 text-gray-400" />
[7m   [0m [91m                            ~~~~[0m

  [96m../../node_modules/@types/react/index.d.ts[0m:[93m2526[0m:[93m9[0m
    [7m2526[0m         name?: string | undefined;
    [7m    [0m [96m        ~~~~[0m
    The expected type comes from property 'name' which is declared here on type 'IntrinsicAttributes & SVGProps<SVGSVGElement> & { name: IconName; size?: string | number | undefined; }'

[96m/Users/leoturbetdelof/Downloads/A trier/Thotis Final/cal.com-main/apps/web/app/thotis/mentors/page.tsx[0m:[93m62[0m:[93m7[0m - [91merror[0m[90m TS2769: [0mNo overload matches this call.
  Overload 1 of 2, '(input: { sort?: "rating" | "popularity" | "newest" | undefined; query?: string | undefined; university?: string | undefined; expertise?: string[] | undefined; isActive?: boolean | undefined; page?: number | undefined; fieldOfStudy?: "OTHER" | ... 12 more ... | undefined; minRating?: number | undefined; pageSize?: number | undefined; }, opts: DefinedUseTRPCQueryOptions<...>): DefinedUseTRPCQueryResult<...>', gave the following error.
    Object literal may only specify known properties, and 'keepPreviousData' does not exist in type 'DefinedUseTRPCQueryOptions<{ profiles: { user: { name: string | null; username: string | null; avatarUrl: string | null; profiles: { organization: { id: number; slug: string | null; logoUrl: string | null; }; }[]; }; status: MentorStatus; ... 17 more ...; totalRatings: number; }[]; total: number; page: number; pageS...'.
  Overload 2 of 2, '(input: { sort?: "rating" | "popularity" | "newest" | undefined; query?: string | undefined; university?: string | undefined; expertise?: string[] | undefined; isActive?: boolean | undefined; page?: number | undefined; fieldOfStudy?: "OTHER" | ... 12 more ... | undefined; minRating?: number | undefined; pageSize?: number | undefined; }, opts?: UseTRPCQueryOptions<...> | undefined): UseTRPCQueryResult<...>', gave the following error.
    Object literal may only specify known properties, and 'keepPreviousData' does not exist in type 'UseTRPCQueryOptions<{ profiles: { user: { name: string | null; username: string | null; avatarUrl: string | null; profiles: { organization: { id: number; slug: string | null; logoUrl: string | null; }; }[]; }; status: MentorStatus; ... 17 more ...; totalRatings: number; }[]; total: number; page: number; pageSize: nu...'.

[7m62[0m     { keepPreviousData: true }
[7m  [0m [91m      ~~~~~~~~~~~~~~~~[0m


[96m/Users/leoturbetdelof/Downloads/A trier/Thotis Final/cal.com-main/apps/web/components/apps/alby/AlbyPaymentComponent.tsx[0m:[93m186[0m:[93m13[0m - [91merror[0m[90m TS2741: [0mProperty 'user' is missing in type '{ uid: string; id: number; status: string; }' but required in type 'SuccessRedirectBookingType'.

[7m186[0m             booking: props.booking,
[7m   [0m [91m            ~~~~~~~[0m

  [96m../../packages/features/bookings/lib/service/RegularBookingService.ts[0m:[93m1660[0m:[93m7[0m
    [7m1660[0m       user: {
    [7m    [0m [96m      ~~~~~~~[0m
    [7m1661[0m         name: randomOrganizerName,
    [7m    [0m [96m~~~~~~~~~~~~~~~~~~~~~~~~~~~~~~~~~~[0m
    [7m ...[0m 
    [7m1663[0m         email: null,
    [7m    [0m [96m~~~~~~~~~~~~~~~~~~~~[0m
    [7m1664[0m       },
    [7m    [0m [96m~~~~~~~[0m
    'user' is declared here.
  [96m../../packages/features/bookings/lib/bookingSuccessRedirect.ts[0m:[93m196[0m:[93m5[0m
    [7m196[0m     booking: SuccessRedirectBookingType;
    [7m   [0m [96m    ~~~~~~~[0m
    The expected type comes from property 'booking' which is declared here on type '{ successRedirectUrl: string | null; forwardParamsSuccessRedirect: boolean | null; redirectUrlOnNoRoutingFormResponse?: string | null | undefined; query: Record<string, string | boolean | null | undefined>; booking: SuccessRedirectBookingType; }'

[96m/Users/leoturbetdelof/Downloads/A trier/Thotis Final/cal.com-main/apps/web/components/apps/btcpayserver/BtcpayPaymentComponent.tsx[0m:[93m141[0m:[93m15[0m - [91merror[0m[90m TS2741: [0mProperty 'user' is missing in type '{ uid: string; id: number; status: string; }' but required in type 'SuccessRedirectBookingType'.

[7m141[0m               booking: props.booking,
[7m   [0m [91m              ~~~~~~~[0m

  [96m../../packages/features/bookings/lib/service/RegularBookingService.ts[0m:[93m1660[0m:[93m7[0m
    [7m1660[0m       user: {
    [7m    [0m [96m      ~~~~~~~[0m
    [7m1661[0m         name: randomOrganizerName,
    [7m    [0m [96m~~~~~~~~~~~~~~~~~~~~~~~~~~~~~~~~~~[0m
    [7m ...[0m 
    [7m1663[0m         email: null,
    [7m    [0m [96m~~~~~~~~~~~~~~~~~~~~[0m
    [7m1664[0m       },
    [7m    [0m [96m~~~~~~~[0m
    'user' is declared here.
  [96m../../packages/features/bookings/lib/bookingSuccessRedirect.ts[0m:[93m196[0m:[93m5[0m
    [7m196[0m     booking: SuccessRedirectBookingType;
    [7m   [0m [96m    ~~~~~~~[0m
    The expected type comes from property 'booking' which is declared here on type '{ successRedirectUrl: string | null; forwardParamsSuccessRedirect: boolean | null; redirectUrlOnNoRoutingFormResponse?: string | null | undefined; query: Record<string, string | boolean | null | undefined>; booking: SuccessRedirectBookingType; }'

[96m/Users/leoturbetdelof/Downloads/A trier/Thotis Final/cal.com-main/apps/web/components/apps/make/Setup.tsx[0m:[93m26[0m:[93m38[0m - [91merror[0m[90m TS7006: [0mParameter 'team' implicitly has an 'any' type.

[7m26[0m   const teams = teamsList.data?.map((team) => ({ id: team.id, name: team.name }));
[7m  [0m [91m                                     ~~~~[0m

[96m/Users/leoturbetdelof/Downloads/A trier/Thotis Final/cal.com-main/apps/web/components/apps/make/Setup.tsx[0m:[93m94[0m:[93m33[0m - [91merror[0m[90m TS7006: [0mParameter 'team' implicitly has an 'any' type.

[7m94[0m                     {teams.map((team) => {
[7m  [0m [91m                                ~~~~[0m

[96m/Users/leoturbetdelof/Downloads/A trier/Thotis Final/cal.com-main/apps/web/components/dialog/ChargeCardDialog.tsx[0m:[93m25[0m:[93m42[0m - [91merror[0m[90m TS2339: [0mProperty 'payments' does not exist on type 'DecoratedProcedureRecord<RootConfig<{ ctx: InnerContext; meta: object; errorShape: { message: string; code: number; data: { [key: string]: unknown; code: string; httpStatus: number; path?: string | undefined; }; }; transformer: { ...; }; }>, { ...; }, null>'.

[7m25[0m   const chargeCardMutation = trpc.viewer.payments.chargeCard.useMutation({
[7m  [0m [91m                                         ~~~~~~~~[0m

[96m/Users/leoturbetdelof/Downloads/A trier/Thotis Final/cal.com-main/apps/web/components/dialog/ChargeCardDialog.tsx[0m:[93m32[0m:[93m15[0m - [91merror[0m[90m TS7006: [0mParameter 'error' implicitly has an 'any' type.

[7m32[0m     onError: (error) => {
[7m  [0m [91m              ~~~~~[0m

[96m/Users/leoturbetdelof/Downloads/A trier/Thotis Final/cal.com-main/apps/web/components/dialog/ReassignDialog.tsx[0m:[93m80[0m:[93m78[0m - [91merror[0m[90m TS2339: [0mProperty 'useInfiniteQuery' does not exist on type 'DecoratedQuery<RootConfig<{ ctx: InnerContext; meta: object; errorShape: { message: string; code: number; data: { [key: string]: unknown; code: string; httpStatus: number; path?: string | undefined; }; }; transformer: { ...; }; }>, QueryProcedure<...>>'.
  Property 'useInfiniteQuery' does not exist on type 'object & DecoratedQueryMethods<RootConfig<{ ctx: InnerContext; meta: object; errorShape: { message: string; code: number; data: { [key: string]: unknown; code: string; httpStatus: number; path?: string | undefined; }; }; transformer: { ...; }; }>, QueryProcedure<...>>'.

[7m80[0m   const managedEventQuery = trpc.viewer.teams.getManagedEventUsersToReassign.useInfiniteQuery(
[7m  [0m [91m                                                                             ~~~~~~~~~~~~~~~~[0m

[96m/Users/leoturbetdelof/Downloads/A trier/Thotis Final/cal.com-main/apps/web/components/dialog/ReassignDialog.tsx[0m:[93m88[0m:[93m26[0m - [91merror[0m[90m TS7006: [0mParameter 'lastPage' implicitly has an 'any' type.

[7m88[0m       getNextPageParam: (lastPage) => lastPage.nextCursor,
[7m  [0m [91m                         ~~~~~~~~[0m

[96m/Users/leoturbetdelof/Downloads/A trier/Thotis Final/cal.com-main/apps/web/components/dialog/ReassignDialog.tsx[0m:[93m92[0m:[93m74[0m - [91merror[0m[90m TS2339: [0mProperty 'useInfiniteQuery' does not exist on type 'DecoratedQuery<RootConfig<{ ctx: InnerContext; meta: object; errorShape: { message: string; code: number; data: { [key: string]: unknown; code: string; httpStatus: number; path?: string | undefined; }; }; transformer: { ...; }; }>, QueryProcedure<...>>'.
  Property 'useInfiniteQuery' does not exist on type 'object & DecoratedQueryMethods<RootConfig<{ ctx: InnerContext; meta: object; errorShape: { message: string; code: number; data: { [key: string]: unknown; code: string; httpStatus: number; path?: string | undefined; }; }; transformer: { ...; }; }>, QueryProcedure<...>>'.

[7m92[0m   const roundRobinQuery = trpc.viewer.teams.getRoundRobinHostsToReassign.useInfiniteQuery(
[7m  [0m [91m                                                                         ~~~~~~~~~~~~~~~~[0m

[96m/Users/leoturbetdelof/Downloads/A trier/Thotis Final/cal.com-main/apps/web/components/dialog/ReassignDialog.tsx[0m:[93m101[0m:[93m26[0m - [91merror[0m[90m TS7006: [0mParameter 'lastPage' implicitly has an 'any' type.

[7m101[0m       getNextPageParam: (lastPage) => lastPage.nextCursor,
[7m   [0m [91m                         ~~~~~~~~[0m

[96m/Users/leoturbetdelof/Downloads/A trier/Thotis Final/cal.com-main/apps/web/components/dialog/ReassignDialog.tsx[0m:[93m110[0m:[93m33[0m - [91merror[0m[90m TS7006: [0mParameter 'page' implicitly has an 'any' type.

[7m110[0m     return data?.pages.flatMap((page) => page.items) ?? [];
[7m   [0m [91m                                ~~~~[0m

[96m/Users/leoturbetdelof/Downloads/A trier/Thotis Final/cal.com-main/apps/web/components/dialog/ReassignDialog.tsx[0m:[93m114[0m:[93m25[0m - [91merror[0m[90m TS7006: [0mParameter 'member' implicitly has an 'any' type.

[7m114[0m     return allRows.map((member) => ({
[7m   [0m [91m                        ~~~~~~[0m

[96m/Users/leoturbetdelof/Downloads/A trier/Thotis Final/cal.com-main/apps/web/components/dialog/WrongAssignmentDialog.tsx[0m:[93m244[0m:[93m35[0m - [91merror[0m[90m TS7006: [0mParameter 'member' implicitly has an 'any' type.

[7m244[0m     teamMembersData?.members.map((member) => ({
[7m   [0m [91m                                  ~~~~~~[0m

[96m/Users/leoturbetdelof/Downloads/A trier/Thotis Final/cal.com-main/apps/web/components/getting-started/steps-views/ConnectCalendars.tsx[0m:[93m53[0m:[93m17[0m - [91merror[0m[90m TS2322: [0mType 'ConnectedCalendar[] | undefined' is not assignable to type '{ primary: boolean | null; isSelected: boolean; credentialId: number; name?: string | undefined; readOnly?: boolean | undefined; userId?: number | undefined; integration?: string | undefined; externalId: string; delegationCredentialId: string | null; }[] | undefined'.
  Type 'ConnectedCalendar[]' is not assignable to type '{ primary: boolean | null; isSelected: boolean; credentialId: number; name?: string | undefined; readOnly?: boolean | undefined; userId?: number | undefined; integration?: string | undefined; externalId: string; delegationCredentialId: string | null; }[]'.
    Type 'ConnectedCalendar' is not assignable to type '{ primary: boolean | null; isSelected: boolean; credentialId: number; name?: string | undefined; readOnly?: boolean | undefined; userId?: number | undefined; integration?: string | undefined; externalId: string; delegationCredentialId: string | null; }'.
      Types of property 'delegationCredentialId' are incompatible.
        Type 'string | null | undefined' is not assignable to type 'string | null'.
          Type 'undefined' is not assignable to type 'string | null'.

[7m53[0m                 calendars={firstCalendar.calendars}
[7m  [0m [91m                ~~~~~~~~~[0m

  [96mcomponents/getting-started/components/ConnectedCalendarItem.tsx[0m:[93m8[0m:[93m3[0m
    [7m8[0m   calendars?: {
    [7m [0m [96m  ~~~~~~~~~[0m
    The expected type comes from property 'calendars' which is declared here on type 'IntrinsicAttributes & IConnectedCalendarItem'

[96m/Users/leoturbetdelof/Downloads/A trier/Thotis Final/cal.com-main/apps/web/components/ui/UsernameAvailability/PremiumTextfield.tsx[0m:[93m82[0m:[93m62[0m - [91merror[0m[90m TS2339: [0mProperty 'username' does not exist on type 'never'.

[7m82[0m     setInputUsernameValue(currentUsername || stripeCustomer?.username || "");
[7m  [0m [91m                                                             ~~~~~~~~[0m

[96m/Users/leoturbetdelof/Downloads/A trier/Thotis Final/cal.com-main/apps/web/components/ui/UsernameAvailability/PremiumTextfield.tsx[0m:[93m83[0m:[93m63[0m - [91merror[0m[90m TS2339: [0mProperty 'username' does not exist on type 'never'.

[7m83[0m   }, [setInputUsernameValue, currentUsername, stripeCustomer?.username]);
[7m  [0m [91m                                                              ~~~~~~~~[0m

[96m/Users/leoturbetdelof/Downloads/A trier/Thotis Final/cal.com-main/apps/web/components/ui/UsernameAvailability/PremiumTextfield.tsx[0m:[93m115[0m:[93m63[0m - [91merror[0m[90m TS2339: [0mProperty 'isPremium' does not exist on type 'never'.

[7m115[0m   const paymentRequired = !currentUsername && stripeCustomer?.isPremium;
[7m   [0m [91m                                                              ~~~~~~~~~[0m

[96m/Users/leoturbetdelof/Downloads/A trier/Thotis Final/cal.com-main/apps/web/components/ui/UsernameAvailability/PremiumTextfield.tsx[0m:[93m123[0m:[93m46[0m - [91merror[0m[90m TS2339: [0mProperty 'username' does not exist on type 'never'.

[7m123[0m   const usernameFromStripe = stripeCustomer?.username;
[7m   [0m [91m                                             ~~~~~~~~[0m

[96m/Users/leoturbetdelof/Downloads/A trier/Thotis Final/cal.com-main/apps/web/lib/pages/auth/verify-email.test.ts[0m:[93m2[0m:[93m59[0m - [91merror[0m[90m TS2307: [0mCannot find module '@calcom/trpc/server/routers/viewer/teams/inviteMember/inviteMember.handler' or its corresponding type declarations.

[7m2[0m import { inviteMembersWithNoInviterPermissionCheck } from "@calcom/trpc/server/routers/viewer/teams/inviteMember/inviteMember.handler";
[7m [0m [91m                                                          ~~~~~~~~~~~~~~~~~~~~~~~~~~~~~~~~~~~~~~~~~~~~~~~~~~~~~~~~~~~~~~~~~~~~~~~~~~~~[0m

[96m/Users/leoturbetdelof/Downloads/A trier/Thotis Final/cal.com-main/apps/web/lib/pages/auth/verify-email.ts[0m:[93m7[0m:[93m59[0m - [91merror[0m[90m TS2307: [0mCannot find module '@calcom/trpc/server/routers/viewer/teams/inviteMember/inviteMember.handler' or its corresponding type declarations.

[7m7[0m import { inviteMembersWithNoInviterPermissionCheck } from "@calcom/trpc/server/routers/viewer/teams/inviteMember/inviteMember.handler";
[7m [0m [91m                                                          ~~~~~~~~~~~~~~~~~~~~~~~~~~~~~~~~~~~~~~~~~~~~~~~~~~~~~~~~~~~~~~~~~~~~~~~~~~~~[0m

[96m/Users/leoturbetdelof/Downloads/A trier/Thotis Final/cal.com-main/apps/web/lib/pages/document/_applyThemeForDocument.test.ts[0m:[93m26[0m:[93m5[0m - [91merror[0m[90m TS2578: [0mUnused '@ts-expect-error' directive.

[7m26[0m     // @ts-expect-error
[7m  [0m [91m    ~~~~~~~~~~~~~~~~~~~[0m

[96m/Users/leoturbetdelof/Downloads/A trier/Thotis Final/cal.com-main/apps/web/lib/pages/document/_applyThemeForDocument.test.ts[0m:[93m38[0m:[93m5[0m - [91merror[0m[90m TS2578: [0mUnused '@ts-expect-error' directive.

[7m38[0m     // @ts-expect-error
[7m  [0m [91m    ~~~~~~~~~~~~~~~~~~~[0m

[96m/Users/leoturbetdelof/Downloads/A trier/Thotis Final/cal.com-main/apps/web/lib/pages/document/_applyThemeForDocument.test.ts[0m:[93m53[0m:[93m5[0m - [91merror[0m[90m TS2578: [0mUnused '@ts-expect-error' directive.

[7m53[0m     // @ts-expect-error
[7m  [0m [91m    ~~~~~~~~~~~~~~~~~~~[0m

[96m/Users/leoturbetdelof/Downloads/A trier/Thotis Final/cal.com-main/apps/web/lib/pages/document/_applyThemeForDocument.test.ts[0m:[93m96[0m:[93m5[0m - [91merror[0m[90m TS2578: [0mUnused '@ts-expect-error' directive.

[7m96[0m     // @ts-expect-error
[7m  [0m [91m    ~~~~~~~~~~~~~~~~~~~[0m

[96m/Users/leoturbetdelof/Downloads/A trier/Thotis Final/cal.com-main/apps/web/lib/pages/document/_applyThemeForDocument.test.ts[0m:[93m120[0m:[93m5[0m - [91merror[0m[90m TS2578: [0mUnused '@ts-expect-error' directive.

[7m120[0m     // @ts-expect-error
[7m   [0m [91m    ~~~~~~~~~~~~~~~~~~~[0m

[96m/Users/leoturbetdelof/Downloads/A trier/Thotis Final/cal.com-main/apps/web/modules/auth/sso/provider-view.tsx[0m:[93m18[0m:[93m15[0m - [91merror[0m[90m TS2339: [0mProperty 'provider' does not exist on type '{}'.

[7m18[0m     if (props.provider === "saml") {
[7m  [0m [91m              ~~~~~~~~[0m

[96m/Users/leoturbetdelof/Downloads/A trier/Thotis Final/cal.com-main/apps/web/modules/auth/sso/provider-view.tsx[0m:[93m24[0m:[93m18[0m - [91merror[0m[90m TS2339: [0mProperty 'isSAMLLoginEnabled' does not exist on type '{}'.

[7m24[0m       if (!props.isSAMLLoginEnabled) {
[7m  [0m [91m                 ~~~~~~~~~~~~~~~~~~[0m

[96m/Users/leoturbetdelof/Downloads/A trier/Thotis Final/cal.com-main/apps/web/modules/auth/sso/provider-view.tsx[0m:[93m29[0m:[93m42[0m - [91merror[0m[90m TS2339: [0mProperty 'tenant' does not exist on type '{}'.

[7m29[0m       signIn("saml", {}, { tenant: props.tenant, product: props.product });
[7m  [0m [91m                                         ~~~~~~[0m

[96m/Users/leoturbetdelof/Downloads/A trier/Thotis Final/cal.com-main/apps/web/modules/auth/sso/provider-view.tsx[0m:[93m29[0m:[93m65[0m - [91merror[0m[90m TS2339: [0mProperty 'product' does not exist on type '{}'.

[7m29[0m       signIn("saml", {}, { tenant: props.tenant, product: props.product });
[7m  [0m [91m                                                                ~~~~~~~[0m

[96m/Users/leoturbetdelof/Downloads/A trier/Thotis Final/cal.com-main/apps/web/modules/auth/sso/provider-view.tsx[0m:[93m30[0m:[93m22[0m - [91merror[0m[90m TS2339: [0mProperty 'provider' does not exist on type '{}'.

[7m30[0m     } else if (props.provider === "google" && email) {
[7m  [0m [91m                     ~~~~~~~~[0m

[96m/Users/leoturbetdelof/Downloads/A trier/Thotis Final/cal.com-main/apps/web/modules/auth/sso/provider-view.tsx[0m:[93m33[0m:[93m20[0m - [91merror[0m[90m TS2339: [0mProperty 'provider' does not exist on type '{}'.

[7m33[0m       signIn(props.provider);
[7m  [0m [91m                   ~~~~~~~~[0m

[96m/Users/leoturbetdelof/Downloads/A trier/Thotis Final/cal.com-main/apps/web/modules/billing/hooks/useHasPaidPlan.ts[0m:[93m8[0m:[93m81[0m - [91merror[0m[90m TS2554: [0mExpected 1-2 arguments, but got 0.

[7m8[0m   const { data, isPending: isPendingTeamQuery } = trpc.viewer.teams.hasTeamPlan.useQuery();
[7m [0m [91m                                                                                ~~~~~~~~[0m

  [96m../../node_modules/@trpc/react-query/dist/createTRPCReact.d.ts[0m:[93m13[0m:[93m158[0m
    [7m13[0m     <TQueryFnData extends inferTransformedProcedureOutput<TConfig, TProcedure> = inferTransformedProcedureOutput<TConfig, TProcedure>, TData = TQueryFnData>(input: inferProcedureInput<TProcedure>, opts?: UseTRPCQueryOptions<TQueryFnData, TData, TRPCClientErrorLike<TConfig>, inferTransformedProcedureOutput<TConfig, TProcedure>>): UseTRPCQueryResult<TData, TRPCClientErrorLike<TConfig>>;
    [7m  [0m [96m                                                                                                                                                             ~~~~~~~~~~~~~~~~~~~~~~~~~~~~~~~~~~~~~~[0m
    An argument for 'input' was not provided.

[96m/Users/leoturbetdelof/Downloads/A trier/Thotis Final/cal.com-main/apps/web/modules/billing/hooks/useHasPaidPlan.ts[0m:[93m23[0m:[93m53[0m - [91merror[0m[90m TS2554: [0mExpected 1-2 arguments, but got 0.

[7m23[0m   const listInvites = trpc.viewer.teams.listInvites.useQuery();
[7m  [0m [91m                                                    ~~~~~~~~[0m

  [96m../../node_modules/@trpc/react-query/dist/createTRPCReact.d.ts[0m:[93m13[0m:[93m158[0m
    [7m13[0m     <TQueryFnData extends inferTransformedProcedureOutput<TConfig, TProcedure> = inferTransformedProcedureOutput<TConfig, TProcedure>, TData = TQueryFnData>(input: inferProcedureInput<TProcedure>, opts?: UseTRPCQueryOptions<TQueryFnData, TData, TRPCClientErrorLike<TConfig>, inferTransformedProcedureOutput<TConfig, TProcedure>>): UseTRPCQueryResult<TData, TRPCClientErrorLike<TConfig>>;
    [7m  [0m [96m                                                                                                                                                             ~~~~~~~~~~~~~~~~~~~~~~~~~~~~~~~~~~~~~~[0m
    An argument for 'input' was not provided.

[96m/Users/leoturbetdelof/Downloads/A trier/Thotis Final/cal.com-main/apps/web/modules/billing/hooks/useHasPaidPlan.ts[0m:[93m29[0m:[93m67[0m - [91merror[0m[90m TS2554: [0mExpected 1-2 arguments, but got 0.

[7m29[0m   const { data, isPending } = trpc.viewer.teams.hasTeamMembership.useQuery();
[7m  [0m [91m                                                                  ~~~~~~~~[0m

  [96m../../node_modules/@trpc/react-query/dist/createTRPCReact.d.ts[0m:[93m13[0m:[93m158[0m
    [7m13[0m     <TQueryFnData extends inferTransformedProcedureOutput<TConfig, TProcedure> = inferTransformedProcedureOutput<TConfig, TProcedure>, TData = TQueryFnData>(input: inferProcedureInput<TProcedure>, opts?: UseTRPCQueryOptions<TQueryFnData, TData, TRPCClientErrorLike<TConfig>, inferTransformedProcedureOutput<TConfig, TProcedure>>): UseTRPCQueryResult<TData, TRPCClientErrorLike<TConfig>>;
    [7m  [0m [96m                                                                                                                                                             ~~~~~~~~~~~~~~~~~~~~~~~~~~~~~~~~~~~~~~[0m
    An argument for 'input' was not provided.

[96m/Users/leoturbetdelof/Downloads/A trier/Thotis Final/cal.com-main/apps/web/modules/billing/hooks/useHasPaidPlan.ts[0m:[93m35[0m:[93m74[0m - [91merror[0m[90m TS2554: [0mExpected 1-2 arguments, but got 0.

[7m35[0m   const { data: hasTeamPlan, isPending } = trpc.viewer.teams.hasTeamPlan.useQuery();
[7m  [0m [91m                                                                         ~~~~~~~~[0m

  [96m../../node_modules/@trpc/react-query/dist/createTRPCReact.d.ts[0m:[93m13[0m:[93m158[0m
    [7m13[0m     <TQueryFnData extends inferTransformedProcedureOutput<TConfig, TProcedure> = inferTransformedProcedureOutput<TConfig, TProcedure>, TData = TQueryFnData>(input: inferProcedureInput<TProcedure>, opts?: UseTRPCQueryOptions<TQueryFnData, TData, TRPCClientErrorLike<TConfig>, inferTransformedProcedureOutput<TConfig, TProcedure>>): UseTRPCQueryResult<TData, TRPCClientErrorLike<TConfig>>;
    [7m  [0m [96m                                                                                                                                                             ~~~~~~~~~~~~~~~~~~~~~~~~~~~~~~~~~~~~~~[0m
    An argument for 'input' was not provided.

[96m/Users/leoturbetdelof/Downloads/A trier/Thotis Final/cal.com-main/apps/web/modules/billing/hooks/useHasPaidPlan.ts[0m:[93m42[0m:[93m74[0m - [91merror[0m[90m TS2554: [0mExpected 1-2 arguments, but got 0.

[7m42[0m   const { data: hasTeamPlan, isPending } = trpc.viewer.teams.hasTeamPlan.useQuery();
[7m  [0m [91m                                                                         ~~~~~~~~[0m

  [96m../../node_modules/@trpc/react-query/dist/createTRPCReact.d.ts[0m:[93m13[0m:[93m158[0m
    [7m13[0m     <TQueryFnData extends inferTransformedProcedureOutput<TConfig, TProcedure> = inferTransformedProcedureOutput<TConfig, TProcedure>, TData = TQueryFnData>(input: inferProcedureInput<TProcedure>, opts?: UseTRPCQueryOptions<TQueryFnData, TData, TRPCClientErrorLike<TConfig>, inferTransformedProcedureOutput<TConfig, TProcedure>>): UseTRPCQueryResult<TData, TRPCClientErrorLike<TConfig>>;
    [7m  [0m [96m                                                                                                                                                             ~~~~~~~~~~~~~~~~~~~~~~~~~~~~~~~~~~~~~~[0m
    An argument for 'input' was not provided.

[96m/Users/leoturbetdelof/Downloads/A trier/Thotis Final/cal.com-main/apps/web/modules/billing/hooks/useHasPaidPlan.ts[0m:[93m50[0m:[93m67[0m - [91merror[0m[90m TS2554: [0mExpected 1-2 arguments, but got 0.

[7m50[0m   const { data, isPending } = trpc.viewer.teams.hasActiveTeamPlan.useQuery();
[7m  [0m [91m                                                                  ~~~~~~~~[0m

  [96m../../node_modules/@trpc/react-query/dist/createTRPCReact.d.ts[0m:[93m13[0m:[93m158[0m
    [7m13[0m     <TQueryFnData extends inferTransformedProcedureOutput<TConfig, TProcedure> = inferTransformedProcedureOutput<TConfig, TProcedure>, TData = TQueryFnData>(input: inferProcedureInput<TProcedure>, opts?: UseTRPCQueryOptions<TQueryFnData, TData, TRPCClientErrorLike<TConfig>, inferTransformedProcedureOutput<TConfig, TProcedure>>): UseTRPCQueryResult<TData, TRPCClientErrorLike<TConfig>>;
    [7m  [0m [96m                                                                                                                                                             ~~~~~~~~~~~~~~~~~~~~~~~~~~~~~~~~~~~~~~[0m
    An argument for 'input' was not provided.

[96m/Users/leoturbetdelof/Downloads/A trier/Thotis Final/cal.com-main/apps/web/modules/bookings/components/Booker.tsx[0m:[93m86[0m:[93m3[0m - [91merror[0m[90m TS2339: [0mProperty 'hasValidLicense' does not exist on type 'BookerProps & WrappedBookerProps'.

[7m86[0m   hasValidLicense,
[7m  [0m [91m  ~~~~~~~~~~~~~~~[0m

[96m/Users/leoturbetdelof/Downloads/A trier/Thotis Final/cal.com-main/apps/web/modules/bookings/components/BookerWebWrapper.tsx[0m:[93m201[0m:[93m53[0m - [91merror[0m[90m TS7006: [0mParameter 'param' implicitly has an 'any' type.

[7m201[0m       event.data.instantMeetingParameters?.every?.((param) =>
[7m   [0m [91m                                                    ~~~~~[0m

[96m/Users/leoturbetdelof/Downloads/A trier/Thotis Final/cal.com-main/apps/web/modules/bookings/components/BookEventForm/BookingFields.tsx[0m:[93m51[0m:[93m26[0m - [91merror[0m[90m TS7006: [0mParameter 'f' implicitly has an 'any' type.

[7m51[0m     () => fields.filter((f) => f.type === "phone" && f.name !== SystemField.Enum.location).map((f) => f.name),
[7m  [0m [91m                         ~[0m

[96m/Users/leoturbetdelof/Downloads/A trier/Thotis Final/cal.com-main/apps/web/modules/bookings/components/BookEventForm/BookingFields.tsx[0m:[93m51[0m:[93m97[0m - [91merror[0m[90m TS7006: [0mParameter 'f' implicitly has an 'any' type.

[7m51[0m     () => fields.filter((f) => f.type === "phone" && f.name !== SystemField.Enum.location).map((f) => f.name),
[7m  [0m [91m                                                                                                ~[0m

[96m/Users/leoturbetdelof/Downloads/A trier/Thotis Final/cal.com-main/apps/web/modules/bookings/components/BookEventForm/BookingFields.tsx[0m:[93m69[0m:[93m35[0m - [91merror[0m[90m TS7006: [0mParameter 'name' implicitly has an 'any' type.

[7m69[0m     otherPhoneFieldNames.forEach((name) => {
[7m  [0m [91m                                  ~~~~[0m

[96m/Users/leoturbetdelof/Downloads/A trier/Thotis Final/cal.com-main/apps/web/modules/bookings/components/BookEventForm/BookingFields.tsx[0m:[93m90[0m:[93m10[0m - [91merror[0m[90m TS7053: [0mElement implicitly has an 'any' type because expression of type 'any' can't be used to index type 'Record<"number" | "boolean" | "name" | "text" | "textarea" | "email" | "phone" | "address" | "multiemail" | "select" | "multiselect" | "checkbox" | "radio" | "radioInput" | "url", { ...; }>'.

[7m90[0m     if (!fieldTypesConfigMap[field.type]?.supportsPricing || !field.label || !field.price) {
[7m  [0m [91m         ~~~~~~~~~~~~~~~~~~~~~~~~~~~~~~~[0m

[96m/Users/leoturbetdelof/Downloads/A trier/Thotis Final/cal.com-main/apps/web/modules/bookings/components/BookEventForm/BookingFields.tsx[0m:[93m107[0m:[93m10[0m - [91merror[0m[90m TS7053: [0mElement implicitly has an 'any' type because expression of type 'any' can't be used to index type 'Record<"number" | "boolean" | "name" | "text" | "textarea" | "email" | "phone" | "address" | "multiemail" | "select" | "multiselect" | "checkbox" | "radio" | "radioInput" | "url", { ...; }>'.

[7m107[0m     if (!fieldTypesConfigMap[field.type]?.optionsSupportPricing || !field.options) return field;
[7m   [0m [91m         ~~~~~~~~~~~~~~~~~~~~~~~~~~~~~~~[0m

[96m/Users/leoturbetdelof/Downloads/A trier/Thotis Final/cal.com-main/apps/web/modules/bookings/components/BookEventForm/BookingFields.tsx[0m:[93m111[0m:[93m35[0m - [91merror[0m[90m TS7006: [0mParameter 'opt' implicitly has an 'any' type.

[7m111[0m       options: field.options.map((opt) => {
[7m   [0m [91m                                  ~~~[0m

[96m/Users/leoturbetdelof/Downloads/A trier/Thotis Final/cal.com-main/apps/web/modules/bookings/components/BookEventForm/BookingFields.tsx[0m:[93m130[0m:[93m20[0m - [91merror[0m[90m TS7006: [0mParameter 'field' implicitly has an 'any' type.

[7m130[0m       {fields.map((field, index) => {
[7m   [0m [91m                   ~~~~~[0m

[96m/Users/leoturbetdelof/Downloads/A trier/Thotis Final/cal.com-main/apps/web/modules/bookings/components/BookEventForm/BookingFields.tsx[0m:[93m130[0m:[93m27[0m - [91merror[0m[90m TS7006: [0mParameter 'index' implicitly has an 'any' type.

[7m130[0m       {fields.map((field, index) => {
[7m   [0m [91m                          ~~~~~[0m

[96m/Users/leoturbetdelof/Downloads/A trier/Thotis Final/cal.com-main/apps/web/modules/bookings/components/BookEventForm/BookingFields.tsx[0m:[93m148[0m:[93m45[0m - [91merror[0m[90m TS7006: [0mParameter 'view' implicitly has an 'any' type.

[7m148[0m         if (fieldViews && !fieldViews.find((view) => view.id === currentView)) {
[7m   [0m [91m                                            ~~~~[0m

[96m/Users/leoturbetdelof/Downloads/A trier/Thotis Final/cal.com-main/apps/web/modules/bookings/components/BookEventForm/BookingFields.tsx[0m:[93m211[0m:[93m34[0m - [91merror[0m[90m TS7006: [0mParameter 'f' implicitly has an 'any' type.

[7m211[0m           field.options.forEach((f) => {
[7m   [0m [91m                                 ~[0m

[96m/Users/leoturbetdelof/Downloads/A trier/Thotis Final/cal.com-main/apps/web/modules/bookings/components/BookEventForm/BookingFields.tsx[0m:[93m219[0m:[93m46[0m - [91merror[0m[90m TS7006: [0mParameter 'field' implicitly has an 'any' type.

[7m219[0m           field.options = field.options.map((field) => {
[7m   [0m [91m                                             ~~~~~[0m

[96m/Users/leoturbetdelof/Downloads/A trier/Thotis Final/cal.com-main/apps/web/modules/bookings/components/BookEventForm/BookingFields.tsx[0m:[93m235[0m:[93m15[0m - [91merror[0m[90m TS7053: [0mElement implicitly has an 'any' type because expression of type 'any' can't be used to index type 'Record<"number" | "boolean" | "name" | "text" | "textarea" | "email" | "phone" | "address" | "multiemail" | "select" | "multiselect" | "checkbox" | "radio" | "radioInput" | "url", { ...; }>'.

[7m235[0m           if (fieldTypesConfigMap[field.type]?.supportsPricing) {
[7m   [0m [91m              ~~~~~~~~~~~~~~~~~~~~~~~~~~~~~~~[0m

[96m/Users/leoturbetdelof/Downloads/A trier/Thotis Final/cal.com-main/apps/web/modules/bookings/components/BookEventForm/BookingFields.tsx[0m:[93m240[0m:[93m15[0m - [91merror[0m[90m TS7053: [0mElement implicitly has an 'any' type because expression of type 'any' can't be used to index type 'Record<"number" | "boolean" | "name" | "text" | "textarea" | "email" | "phone" | "address" | "multiemail" | "select" | "multiselect" | "checkbox" | "radio" | "radioInput" | "url", { ...; }>'.

[7m240[0m           if (fieldTypesConfigMap[field.type]?.optionsSupportPricing) {
[7m   [0m [91m              ~~~~~~~~~~~~~~~~~~~~~~~~~~~~~~~[0m

[96m/Users/leoturbetdelof/Downloads/A trier/Thotis Final/cal.com-main/apps/web/modules/bookings/components/event-meta/Duration.tsx[0m:[93m118[0m:[93m20[0m - [91merror[0m[90m TS7006: [0mParameter 'dur' implicitly has an 'any' type.

[7m118[0m           .filter((dur) => state !== "booking" || dur === selectedDuration)
[7m   [0m [91m                   ~~~[0m

[96m/Users/leoturbetdelof/Downloads/A trier/Thotis Final/cal.com-main/apps/web/modules/bookings/components/event-meta/Duration.tsx[0m:[93m119[0m:[93m17[0m - [91merror[0m[90m TS7006: [0mParameter 'duration' implicitly has an 'any' type.

[7m119[0m           .map((duration, index) => (
[7m   [0m [91m                ~~~~~~~~[0m

[96m/Users/leoturbetdelof/Downloads/A trier/Thotis Final/cal.com-main/apps/web/modules/bookings/components/event-meta/Duration.tsx[0m:[93m119[0m:[93m27[0m - [91merror[0m[90m TS7006: [0mParameter 'index' implicitly has an 'any' type.

[7m119[0m           .map((duration, index) => (
[7m   [0m [91m                          ~~~~~[0m

[96m/Users/leoturbetdelof/Downloads/A trier/Thotis Final/cal.com-main/apps/web/modules/bookings/components/event-meta/Locations.tsx[0m:[93m42[0m:[93m35[0m - [91merror[0m[90m TS7006: [0mParameter 'location' implicitly has an 'any' type.

[7m42[0m                   {locations.map((location, index) => (
[7m  [0m [91m                                  ~~~~~~~~[0m

[96m/Users/leoturbetdelof/Downloads/A trier/Thotis Final/cal.com-main/apps/web/modules/bookings/components/event-meta/Locations.tsx[0m:[93m42[0m:[93m45[0m - [91merror[0m[90m TS7006: [0mParameter 'index' implicitly has an 'any' type.

[7m42[0m                   {locations.map((location, index) => (
[7m  [0m [91m                                            ~~~~~[0m

[96m/Users/leoturbetdelof/Downloads/A trier/Thotis Final/cal.com-main/apps/web/modules/bookings/hooks/useBookings.ts[0m:[93m304[0m:[93m42[0m - [91merror[0m[90m TS7006: [0mParameter 'host' implicitly has an 'any' type.

[7m304[0m         ? event.data?.subsetOfHosts.map((host) => host.user)
[7m   [0m [91m                                         ~~~~[0m

[96m/Users/leoturbetdelof/Downloads/A trier/Thotis Final/cal.com-main/apps/web/modules/bookings/hooks/useBookings.ts[0m:[93m387[0m:[93m9[0m - [91merror[0m[90m TS2322: [0mType 'Omit<{ id: number; uid: SUUID; iCalUID: string; status: "ACCEPTED"; eventTypeId: number; user: { name: string; timeZone: string; email: null; }; userId: null; userUuid: null; title: string; startTime: Date; ... 43 more ...; previousBooking: { ...; } | null; } | { ...; } | { ...; } | { ...; }, "startTime" | "endTime"...' is not assignable to type 'SuccessRedirectBookingType'.
  Types of property 'startTime' are incompatible.
    Type 'string' is not assignable to type 'Date'.

[7m387[0m         booking: booking,
[7m   [0m [91m        ~~~~~~~[0m

  [96m../../packages/features/bookings/lib/bookingSuccessRedirect.ts[0m:[93m196[0m:[93m5[0m
    [7m196[0m     booking: SuccessRedirectBookingType;
    [7m   [0m [96m    ~~~~~~~[0m
    The expected type comes from property 'booking' which is declared here on type '{ successRedirectUrl: string | null; forwardParamsSuccessRedirect: boolean | null; redirectUrlOnNoRoutingFormResponse?: string | null | undefined; query: Record<string, string | boolean | null | undefined>; booking: SuccessRedirectBookingType; }'

[96m/Users/leoturbetdelof/Downloads/A trier/Thotis Final/cal.com-main/apps/web/modules/bookings/hooks/useBookings.ts[0m:[93m516[0m:[93m9[0m - [91merror[0m[90m TS2322: [0mType 'Omit<{ id: number; uid: SUUID; iCalUID: string; status: "ACCEPTED"; eventTypeId: number; user: { name: string; timeZone: string; email: null; }; userId: null; userUuid: null; title: string; startTime: Date; ... 43 more ...; previousBooking: { ...; } | null; } | { ...; } | { ...; } | { ...; }, "startTime" | "endTime"...' is not assignable to type 'SuccessRedirectBookingType'.
  Types of property 'startTime' are incompatible.
    Type 'string' is not assignable to type 'Date'.

[7m516[0m         booking,
[7m   [0m [91m        ~~~~~~~[0m

  [96m../../packages/features/bookings/lib/bookingSuccessRedirect.ts[0m:[93m196[0m:[93m5[0m
    [7m196[0m     booking: SuccessRedirectBookingType;
    [7m   [0m [96m    ~~~~~~~[0m
    The expected type comes from property 'booking' which is declared here on type '{ successRedirectUrl: string | null; forwardParamsSuccessRedirect: boolean | null; redirectUrlOnNoRoutingFormResponse?: string | null | undefined; query: Record<string, string | boolean | null | undefined>; booking: SuccessRedirectBookingType; }'

[96m/Users/leoturbetdelof/Downloads/A trier/Thotis Final/cal.com-main/apps/web/modules/bookings/hooks/useFacetedUniqueValues.ts[0m:[93m19[0m:[93m50[0m - [91merror[0m[90m TS2554: [0mExpected 1-2 arguments, but got 0.

[7m19[0m   const { data: teams } = trpc.viewer.teams.list.useQuery();
[7m  [0m [91m                                                 ~~~~~~~~[0m

  [96m../../node_modules/@trpc/react-query/dist/createTRPCReact.d.ts[0m:[93m13[0m:[93m158[0m
    [7m13[0m     <TQueryFnData extends inferTransformedProcedureOutput<TConfig, TProcedure> = inferTransformedProcedureOutput<TConfig, TProcedure>, TData = TQueryFnData>(input: inferProcedureInput<TProcedure>, opts?: UseTRPCQueryOptions<TQueryFnData, TData, TRPCClientErrorLike<TConfig>, inferTransformedProcedureOutput<TConfig, TProcedure>>): UseTRPCQueryResult<TData, TRPCClientErrorLike<TConfig>>;
    [7m  [0m [96m                                                                                                                                                             ~~~~~~~~~~~~~~~~~~~~~~~~~~~~~~~~~~~~~~[0m
    An argument for 'input' was not provided.

[96m/Users/leoturbetdelof/Downloads/A trier/Thotis Final/cal.com-main/apps/web/modules/bookings/hooks/useFacetedUniqueValues.ts[0m:[93m32[0m:[93m32[0m - [91merror[0m[90m TS7006: [0mParameter 'team' implicitly has an 'any' type.

[7m32[0m             (teams || []).map((team) => ({
[7m  [0m [91m                               ~~~~[0m

[96m/Users/leoturbetdelof/Downloads/A trier/Thotis Final/cal.com-main/apps/web/modules/bookings/hooks/useFacetedUniqueValues.ts[0m:[93m51[0m:[93m21[0m - [91merror[0m[90m TS7006: [0mParameter 'member' implicitly has an 'any' type.

[7m51[0m               .map((member) => ({
[7m  [0m [91m                    ~~~~~~[0m

[96m/Users/leoturbetdelof/Downloads/A trier/Thotis Final/cal.com-main/apps/web/modules/bookings/hooks/useFacetedUniqueValues.ts[0m:[93m55[0m:[93m24[0m - [91merror[0m[90m TS7006: [0mParameter 'option' implicitly has an 'any' type.

[7m55[0m               .filter((option): option is { label: string; value: number } => Boolean(option.label))
[7m  [0m [91m                       ~~~~~~[0m

[96m/Users/leoturbetdelof/Downloads/A trier/Thotis Final/cal.com-main/apps/web/modules/calendars/components/SelectedCalendarsSettingsWebWrapper.tsx[0m:[93m73[0m:[93m63[0m - [91merror[0m[90m TS2339: [0mProperty 'delegationCredentialId' does not exist on type '{ integration: { key?: JsonValue | undefined; name: string; type: `${string}_other` | `${string}_calendar` | `${string}_messaging` | `${string}_payment` | `${string}_video` | `${string}_automation` | `${string}_analytics` | `${string}_crm` | `${string}_other_calendar`; delegationCredential?: { ...; } | undefined; .....'.

[7m73[0m                     delegationCredentialId={connectedCalendar.delegationCredentialId}
[7m  [0m [91m                                                              ~~~~~~~~~~~~~~~~~~~~~~[0m

[96m/Users/leoturbetdelof/Downloads/A trier/Thotis Final/cal.com-main/apps/web/modules/calendars/components/SelectedCalendarsSettingsWebWrapper.tsx[0m:[93m100[0m:[93m69[0m - [91merror[0m[90m TS2339: [0mProperty 'delegationCredentialId' does not exist on type '{ integration: { key?: JsonValue | undefined; name: string; type: `${string}_other` | `${string}_calendar` | `${string}_messaging` | `${string}_payment` | `${string}_video` | `${string}_automation` | `${string}_analytics` | `${string}_crm` | `${string}_other_calendar`; delegationCredential?: { ...; } | undefined; .....'.

[7m100[0m                           delegationCredentialId={connectedCalendar.delegationCredentialId || null}
[7m   [0m [91m                                                                    ~~~~~~~~~~~~~~~~~~~~~~[0m

[96m/Users/leoturbetdelof/Downloads/A trier/Thotis Final/cal.com-main/apps/web/modules/calendars/components/SelectedCalendarsSettingsWebWrapper.tsx[0m:[93m129[0m:[93m61[0m - [91merror[0m[90m TS2339: [0mProperty 'delegationCredentialId' does not exist on type '{ integration: { key?: JsonValue | undefined; name: string; type: `${string}_other` | `${string}_calendar` | `${string}_messaging` | `${string}_payment` | `${string}_video` | `${string}_automation` | `${string}_analytics` | `${string}_crm` | `${string}_other_calendar`; delegationCredential?: { ...; } | undefined; .....'.

[7m129[0m                   delegationCredentialId={connectedCalendar.delegationCredentialId}
[7m   [0m [91m                                                            ~~~~~~~~~~~~~~~~~~~~~~[0m

[96m/Users/leoturbetdelof/Downloads/A trier/Thotis Final/cal.com-main/apps/web/modules/data-table/components/segment/SaveFilterSegmentButton.tsx[0m:[93m71[0m:[93m50[0m - [91merror[0m[90m TS2554: [0mExpected 1-2 arguments, but got 0.

[7m71[0m   const { data: teams } = trpc.viewer.teams.list.useQuery();
[7m  [0m [91m                                                 ~~~~~~~~[0m

  [96m../../node_modules/@trpc/react-query/dist/createTRPCReact.d.ts[0m:[93m13[0m:[93m158[0m
    [7m13[0m     <TQueryFnData extends inferTransformedProcedureOutput<TConfig, TProcedure> = inferTransformedProcedureOutput<TConfig, TProcedure>, TData = TQueryFnData>(input: inferProcedureInput<TProcedure>, opts?: UseTRPCQueryOptions<TQueryFnData, TData, TRPCClientErrorLike<TConfig>, inferTransformedProcedureOutput<TConfig, TProcedure>>): UseTRPCQueryResult<TData, TRPCClientErrorLike<TConfig>>;
    [7m  [0m [96m                                                                                                                                                             ~~~~~~~~~~~~~~~~~~~~~~~~~~~~~~~~~~~~~~[0m
    An argument for 'input' was not provided.

[96m/Users/leoturbetdelof/Downloads/A trier/Thotis Final/cal.com-main/apps/web/modules/data-table/components/segment/SaveFilterSegmentButton.tsx[0m:[93m221[0m:[93m43[0m - [91merror[0m[90m TS7006: [0mParameter 'team' implicitly has an 'any' type.

[7m221[0m                       options={teams.map((team) => ({
[7m   [0m [91m                                          ~~~~[0m

[96m/Users/leoturbetdelof/Downloads/A trier/Thotis Final/cal.com-main/apps/web/modules/event-types/components/CreateEventTypeDialog.tsx[0m:[93m124[0m:[93m13[0m - [91merror[0m[90m TS2322: [0mType '{ teamSlug: any; teamId: number; permissions: { canCreateEventType: boolean; }; urlPrefix: string; isPending: boolean; form: UseFormReturn<TCreateEventTypeInput, any>; isManagedEventType: boolean; handleSubmit: (values: any) => void; SubmitButton: (isPending: boolean) => Element; }' is not assignable to type 'IntrinsicAttributes'.
  Property 'teamSlug' does not exist on type 'IntrinsicAttributes'.

[7m124[0m             teamSlug={team?.slug}
[7m   [0m [91m            ~~~~~~~~[0m

[96m/Users/leoturbetdelof/Downloads/A trier/Thotis Final/cal.com-main/apps/web/modules/event-types/components/CreateEventTypeDialog.tsx[0m:[93m131[0m:[93m28[0m - [91merror[0m[90m TS7006: [0mParameter 'values' implicitly has an 'any' type.

[7m131[0m             handleSubmit={(values) => {
[7m   [0m [91m                           ~~~~~~[0m

[96m/Users/leoturbetdelof/Downloads/A trier/Thotis Final/cal.com-main/apps/web/modules/event-types/components/EventTypeWebWrapper.tsx[0m:[93m208[0m:[93m52[0m - [91merror[0m[90m TS2339: [0mProperty 'workflows' does not exist on type 'DecoratedProcedureRecord<RootConfig<{ ctx: InnerContext; meta: object; errorShape: { message: string; code: number; data: { [key: string]: unknown; code: string; httpStatus: number; path?: string | undefined; }; }; transformer: { ...; }; }>, { ...; }, null>'.

[7m208[0m   const { data: allActiveWorkflows } = trpc.viewer.workflows.getAllActiveWorkflows.useQuery({
[7m   [0m [91m                                                   ~~~~~~~~~[0m

[96m/Users/leoturbetdelof/Downloads/A trier/Thotis Final/cal.com-main/apps/web/modules/event-types/components/locations/Locations.tsx[0m:[93m121[0m:[93m36[0m - [91merror[0m[90m TS2769: [0mNo overload matches this call.
  Overload 1 of 3, '(name: "id" | "locations" | "bookingFields" | `locations.${number}` | `locations.${number}.type` | `locations.${number}.phone` | `locations.${number}.address` | `locations.${number}.credentialId` | `locations.${number}.link` | `locations.${number}.attendeeAddress` | `locations.${number}.hostPhoneNumber` | `locations.${number}.hostDefault` | `locations.${number}.somewhereElse` | `locations.${number}.customLabel` | `locations.${number}.displayLocationPublicly` | `locations.${number}.teamName` | ... 41 more ... | `bookingFields.${number}.sources.${number}.fieldRequired`): string | ... 17 more ... | undefined', gave the following error.
    Argument of type '"seatsPerTimeSlot"' is not assignable to parameter of type '"id" | "locations" | "bookingFields" | `locations.${number}` | `locations.${number}.type` | `locations.${number}.phone` | `locations.${number}.address` | `locations.${number}.credentialId` | `locations.${number}.link` | `locations.${number}.attendeeAddress` | `locations.${number}.hostPhoneNumber` | `locations.${numb...'.
  Overload 2 of 3, '(names: readonly ("id" | "locations" | "bookingFields" | `locations.${number}` | `locations.${number}.type` | `locations.${number}.phone` | `locations.${number}.address` | `locations.${number}.credentialId` | `locations.${number}.link` | `locations.${number}.attendeeAddress` | `locations.${number}.hostPhoneNumber` | `locations.${number}.hostDefault` | `locations.${number}.somewhereElse` | `locations.${number}.customLabel` | `locations.${number}.displayLocationPublicly` | `locations.${number}.teamName` | ... 41 more ... | `bookingFields.${number}.sources.${number}.fieldRequired`)[]): (string | ... 17 more ... | undefined)[]', gave the following error.
    Argument of type 'string' is not assignable to parameter of type 'readonly ("id" | "locations" | "bookingFields" | `locations.${number}` | `locations.${number}.type` | `locations.${number}.phone` | `locations.${number}.address` | `locations.${number}.credentialId` | `locations.${number}.link` | `locations.${number}.attendeeAddress` | `locations.${number}.hostPhoneNumber` | `locati...'.

[7m121[0m   const seatsEnabled = !!getValues("seatsPerTimeSlot");
[7m   [0m [91m                                   ~~~~~~~~~~~~~~~~~~[0m


[96m/Users/leoturbetdelof/Downloads/A trier/Thotis Final/cal.com-main/apps/web/modules/event-types/components/tabs/advanced/EventAdvancedWebWrapper.tsx[0m:[93m8[0m:[93m48[0m - [91merror[0m[90m TS2339: [0mProperty 'workflows' does not exist on type 'DecoratedProcedureRecord<RootConfig<{ ctx: InnerContext; meta: object; errorShape: { message: string; code: number; data: { [key: string]: unknown; code: string; httpStatus: number; path?: string | undefined; }; }; transformer: { ...; }; }>, { ...; }, null>'.

[7m8[0m   const { data: verifiedEmails } = trpc.viewer.workflows.getVerifiedEmails.useQuery({
[7m [0m [91m                                               ~~~~~~~~~[0m

[96m/Users/leoturbetdelof/Downloads/A trier/Thotis Final/cal.com-main/apps/web/modules/event-types/views/event-types-listing-view.tsx[0m:[93m941[0m:[93m8[0m - [91merror[0m[90m TS2304: [0mCannot find name 'CreateButton'.

[7m941[0m       <CreateButton
[7m   [0m [91m       ~~~~~~~~~~~~[0m

[96m/Users/leoturbetdelof/Downloads/A trier/Thotis Final/cal.com-main/apps/web/modules/event-types/views/event-types-listing-view.tsx[0m:[93m987[0m:[93m23[0m - [91merror[0m[90m TS2304: [0mCannot find name 'useOrgBranding'.

[7m987[0m   const orgBranding = useOrgBranding();
[7m   [0m [91m                      ~~~~~~~~~~~~~~[0m

[96m/Users/leoturbetdelof/Downloads/A trier/Thotis Final/cal.com-main/apps/web/modules/event-types/views/event-types-listing-view.tsx[0m:[93m1077[0m:[93m23[0m - [91merror[0m[90m TS2304: [0mCannot find name 'useOrgBranding'.

[7m1077[0m   const orgBranding = useOrgBranding();
[7m    [0m [91m                      ~~~~~~~~~~~~~~[0m

[96m/Users/leoturbetdelof/Downloads/A trier/Thotis Final/cal.com-main/apps/web/modules/filters/components/TeamsFilter.tsx[0m:[93m48[0m:[93m19[0m - [91merror[0m[90m TS7006: [0mParameter 'team' implicitly has an 'any' type.

[7m48[0m         ?.filter((team) => {
[7m  [0m [91m                  ~~~~[0m

[96m/Users/leoturbetdelof/Downloads/A trier/Thotis Final/cal.com-main/apps/web/modules/filters/components/TeamsFilter.tsx[0m:[93m51[0m:[93m16[0m - [91merror[0m[90m TS7006: [0mParameter 'team' implicitly has an 'any' type.

[7m51[0m         ?.map((team) => team.name);
[7m  [0m [91m               ~~~~[0m

[96m/Users/leoturbetdelof/Downloads/A trier/Thotis Final/cal.com-main/apps/web/modules/filters/components/TeamsFilter.tsx[0m:[93m106[0m:[93m23[0m - [91merror[0m[90m TS7006: [0mParameter 'team' implicitly has an 'any' type.

[7m106[0m             ?.filter((team) => !team?.isOrganization)
[7m   [0m [91m                      ~~~~[0m

[96m/Users/leoturbetdelof/Downloads/A trier/Thotis Final/cal.com-main/apps/web/modules/filters/components/TeamsFilter.tsx[0m:[93m107[0m:[93m22[0m - [91merror[0m[90m TS7006: [0mParameter 'team' implicitly has an 'any' type.

[7m107[0m             .filter((team) => team.name.toLowerCase().includes(search.toLowerCase()))
[7m   [0m [91m                     ~~~~[0m

[96m/Users/leoturbetdelof/Downloads/A trier/Thotis Final/cal.com-main/apps/web/modules/filters/components/TeamsFilter.tsx[0m:[93m108[0m:[93m19[0m - [91merror[0m[90m TS7006: [0mParameter 'team' implicitly has an 'any' type.

[7m108[0m             .map((team) => (
[7m   [0m [91m                  ~~~~[0m

[96m/Users/leoturbetdelof/Downloads/A trier/Thotis Final/cal.com-main/apps/web/modules/insights/views/insights-call-history-view.tsx[0m:[93m339[0m:[93m63[0m - [91merror[0m[90m TS2554: [0mExpected 1-2 arguments, but got 0.

[7m339[0m   const { data: org } = trpc.viewer.organizations.listCurrent.useQuery();
[7m   [0m [91m                                                              ~~~~~~~~[0m

  [96m../../node_modules/@trpc/react-query/dist/createTRPCReact.d.ts[0m:[93m13[0m:[93m158[0m
    [7m13[0m     <TQueryFnData extends inferTransformedProcedureOutput<TConfig, TProcedure> = inferTransformedProcedureOutput<TConfig, TProcedure>, TData = TQueryFnData>(input: inferProcedureInput<TProcedure>, opts?: UseTRPCQueryOptions<TQueryFnData, TData, TRPCClientErrorLike<TConfig>, inferTransformedProcedureOutput<TConfig, TProcedure>>): UseTRPCQueryResult<TData, TRPCClientErrorLike<TConfig>>;
    [7m  [0m [96m                                                                                                                                                             ~~~~~~~~~~~~~~~~~~~~~~~~~~~~~~~~~~~~~~[0m
    An argument for 'input' was not provided.

[96m/Users/leoturbetdelof/Downloads/A trier/Thotis Final/cal.com-main/apps/web/modules/members/getOrgMembersPageData.ts[0m:[93m34[0m:[93m53[0m - [91merror[0m[90m TS2554: [0mExpected 1 arguments, but got 0.

[7m34[0m   const [org, teams] = await Promise.all([orgCaller.listCurrent(), orgCaller.getTeams()]);
[7m  [0m [91m                                                    ~~~~~~~~~~~[0m

  [96m../../node_modules/@trpc/server/dist/unstable-core-do-not-import/router.d.ts[0m:[93m18[0m:[93m60[0m
    [7m18[0m type DecorateProcedure<TProcedure extends AnyProcedure> = (input: inferProcedureInput<TProcedure>) => Promise<TProcedure['_def']['_output_out']>;
    [7m  [0m [96m                                                           ~~~~~~~~~~~~~~~~~~~~~~~~~~~~~~~~~~~~~~[0m
    An argument for 'input' was not provided.

[96m/Users/leoturbetdelof/Downloads/A trier/Thotis Final/cal.com-main/apps/web/modules/members/getOrgMembersPageData.ts[0m:[93m34[0m:[93m78[0m - [91merror[0m[90m TS2554: [0mExpected 1 arguments, but got 0.

[7m34[0m   const [org, teams] = await Promise.all([orgCaller.listCurrent(), orgCaller.getTeams()]);
[7m  [0m [91m                                                                             ~~~~~~~~[0m

  [96m../../node_modules/@trpc/server/dist/unstable-core-do-not-import/router.d.ts[0m:[93m18[0m:[93m60[0m
    [7m18[0m type DecorateProcedure<TProcedure extends AnyProcedure> = (input: inferProcedureInput<TProcedure>) => Promise<TProcedure['_def']['_output_out']>;
    [7m  [0m [96m                                                           ~~~~~~~~~~~~~~~~~~~~~~~~~~~~~~~~~~~~~~[0m
    An argument for 'input' was not provided.

[96m/Users/leoturbetdelof/Downloads/A trier/Thotis Final/cal.com-main/apps/web/modules/onboarding/organization/migrate-teams/organization-migrate-teams-view.tsx[0m:[93m76[0m:[93m31[0m - [91merror[0m[90m TS7006: [0mParameter 'team' implicitly has an 'any' type.

[7m76[0m         moveTeams: teams.map((team) => {
[7m  [0m [91m                              ~~~~[0m

[96m/Users/leoturbetdelof/Downloads/A trier/Thotis Final/cal.com-main/apps/web/modules/onboarding/organization/migrate-teams/organization-migrate-teams-view.tsx[0m:[93m96[0m:[93m42[0m - [91merror[0m[90m TS7006: [0mParameter 't' implicitly has an 'any' type.

[7m96[0m         const originalTeam = teams.find((t) => t.id === team.id);
[7m  [0m [91m                                         ~[0m

[96m/Users/leoturbetdelof/Downloads/A trier/Thotis Final/cal.com-main/apps/web/modules/onboarding/organization/migrate-teams/organization-migrate-teams-view.tsx[0m:[93m140[0m:[93m39[0m - [91merror[0m[90m TS7006: [0mParameter 'team' implicitly has an 'any' type.

[7m140[0m   const browserViewTeams = teams.map((team) => {
[7m   [0m [91m                                      ~~~~[0m

[96m/Users/leoturbetdelof/Downloads/A trier/Thotis Final/cal.com-main/apps/web/modules/onboarding/organization/migrate-teams/organization-migrate-teams-view.tsx[0m:[93m183[0m:[93m51[0m - [91merror[0m[90m TS7006: [0mParameter 't' implicitly has an 'any' type.

[7m183[0m                   const currentTeam = teams.find((t) => t.id === team.id);
[7m   [0m [91m                                                  ~[0m

[96m/Users/leoturbetdelof/Downloads/A trier/Thotis Final/cal.com-main/apps/web/modules/onboarding/organization/migrate-teams/organization-migrate-teams-view.tsx[0m:[93m202[0m:[93m53[0m - [91merror[0m[90m TS7006: [0mParameter 't' implicitly has an 'any' type.

[7m202[0m                           defaultValue={teams.find((t) => t.id === team.id)?.slug ?? ""}
[7m   [0m [91m                                                    ~[0m

[96m/Users/leoturbetdelof/Downloads/A trier/Thotis Final/cal.com-main/apps/web/modules/onboarding/student-profile/student-profile-view.tsx[0m:[93m8[0m:[93m23[0m - [91merror[0m[90m TS2307: [0mCannot find module '@calcom/ui/components/steps' or its corresponding type declarations.

[7m8[0m import { Steps } from "@calcom/ui/components/steps";
[7m [0m [91m                      ~~~~~~~~~~~~~~~~~~~~~~~~~~~~~[0m

[96m/Users/leoturbetdelof/Downloads/A trier/Thotis Final/cal.com-main/apps/web/modules/onboarding/student-profile/student-profile-view.tsx[0m:[93m104[0m:[93m53[0m - [91merror[0m[90m TS2339: [0mProperty 'isLoading' does not exist on type 'UseTRPCMutationResult<{ status: MentorStatus; userId: number; id: string; createdAt: Date; updatedAt: Date; bio: string; university: string; degree: string; field: AcademicField; ... 9 more ...; totalRatings: number; }, TRPCClientErrorLike<...>, { ...; }, unknown>'.
  Property 'isLoading' does not exist on type 'TRPCHookResult & Override<MutationObserverIdleResult<{ status: MentorStatus; userId: number; id: string; createdAt: Date; updatedAt: Date; bio: string; university: string; degree: string; ... 10 more ...; totalRatings: number; }, TRPCClientErrorLike<...>, { ...; }, unknown>, { ...; }> & { ...; }'.

[7m104[0m             <Button type="submit" loading={mutation.isLoading}>
[7m   [0m [91m                                                    ~~~~~~~~~[0m

[96m/Users/leoturbetdelof/Downloads/A trier/Thotis Final/cal.com-main/apps/web/modules/org/[orgSlug]/instant-meeting/team/[slug]/[type]/instant-meeting-view.tsx[0m:[93m6[0m:[93m41[0m - [91merror[0m[90m TS2307: [0mCannot find module '@lib/org/[orgSlug]/instant-meeting/team/[slug]/[type]/getServerSideProps' or its corresponding type declarations.

[7m6[0m import type { getServerSideProps } from "@lib/org/[orgSlug]/instant-meeting/team/[slug]/[type]/getServerSideProps";
[7m [0m [91m                                        ~~~~~~~~~~~~~~~~~~~~~~~~~~~~~~~~~~~~~~~~~~~~~~~~~~~~~~~~~~~~~~~~~~~~~~~~~~[0m

[96m/Users/leoturbetdelof/Downloads/A trier/Thotis Final/cal.com-main/apps/web/modules/settings/admin/oauth-clients-admin-view.tsx[0m:[93m36[0m:[93m44[0m - [91merror[0m[90m TS2339: [0mProperty 'createClient' does not exist on type 'DecoratedProcedureRecord<RootConfig<{ ctx: InnerContext; meta: object; errorShape: { message: string; code: number; data: { [key: string]: unknown; code: string; httpStatus: number; path?: string | undefined; }; }; transformer: { ...; }; }>, { ...; }, null>'.

[7m36[0m   const createMutation = trpc.viewer.oAuth.createClient.useMutation({
[7m  [0m [91m                                           ~~~~~~~~~~~~[0m

[96m/Users/leoturbetdelof/Downloads/A trier/Thotis Final/cal.com-main/apps/web/modules/settings/admin/oauth-clients-admin-view.tsx[0m:[93m37[0m:[93m23[0m - [91merror[0m[90m TS7006: [0mParameter 'data' implicitly has an 'any' type.

[7m37[0m     onSuccess: async (data) => {
[7m  [0m [91m                      ~~~~[0m

[96m/Users/leoturbetdelof/Downloads/A trier/Thotis Final/cal.com-main/apps/web/modules/settings/admin/oauth-clients-admin-view.tsx[0m:[93m50[0m:[93m15[0m - [91merror[0m[90m TS7006: [0mParameter 'error' implicitly has an 'any' type.

[7m50[0m     onError: (error) => {
[7m  [0m [91m              ~~~~~[0m

[96m/Users/leoturbetdelof/Downloads/A trier/Thotis Final/cal.com-main/apps/web/modules/settings/billing/components/InvoicesTable.tsx[0m:[93m164[0m:[93m38[0m - [91merror[0m[90m TS7006: [0mParameter 'invoice' implicitly has an 'any' type.

[7m164[0m                 {data?.invoices.map((invoice) => (
[7m   [0m [91m                                     ~~~~~~~[0m

[96m/Users/leoturbetdelof/Downloads/A trier/Thotis Final/cal.com-main/apps/web/modules/settings/outOfOffice/CreateNewOutOfOfficeEntryButton.tsx[0m:[93m23[0m:[93m67[0m - [91merror[0m[90m TS2554: [0mExpected 1-2 arguments, but got 0.

[7m23[0m   const { data: orgData } = trpc.viewer.organizations.listCurrent.useQuery();
[7m  [0m [91m                                                                  ~~~~~~~~[0m

  [96m../../node_modules/@trpc/react-query/dist/createTRPCReact.d.ts[0m:[93m13[0m:[93m158[0m
    [7m13[0m     <TQueryFnData extends inferTransformedProcedureOutput<TConfig, TProcedure> = inferTransformedProcedureOutput<TConfig, TProcedure>, TData = TQueryFnData>(input: inferProcedureInput<TProcedure>, opts?: UseTRPCQueryOptions<TQueryFnData, TData, TRPCClientErrorLike<TConfig>, inferTransformedProcedureOutput<TConfig, TProcedure>>): UseTRPCQueryResult<TData, TRPCClientErrorLike<TConfig>>;
    [7m  [0m [96m                                                                                                                                                             ~~~~~~~~~~~~~~~~~~~~~~~~~~~~~~~~~~~~~~[0m
    An argument for 'input' was not provided.

[96m/Users/leoturbetdelof/Downloads/A trier/Thotis Final/cal.com-main/apps/web/modules/settings/outOfOffice/CreateOrEditOutOfOfficeModal.tsx[0m:[93m52[0m:[93m61[0m - [91merror[0m[90m TS2339: [0mProperty 'useInfiniteQuery' does not exist on type 'DecoratedQuery<RootConfig<{ ctx: InnerContext; meta: object; errorShape: { message: string; code: number; data: { [key: string]: unknown; code: string; httpStatus: number; path?: string | undefined; }; }; transformer: { ...; }; }>, QueryProcedure<...>>'.
  Property 'useInfiniteQuery' does not exist on type 'object & DecoratedQueryMethods<RootConfig<{ ctx: InnerContext; meta: object; errorShape: { message: string; code: number; data: { [key: string]: unknown; code: string; httpStatus: number; path?: string | undefined; }; }; transformer: { ...; }; }>, QueryProcedure<...>>'.

[7m52[0m   const oooForMembers = trpc.viewer.teams.legacyListMembers.useInfiniteQuery(
[7m  [0m [91m                                                            ~~~~~~~~~~~~~~~~[0m

[96m/Users/leoturbetdelof/Downloads/A trier/Thotis Final/cal.com-main/apps/web/modules/settings/outOfOffice/CreateOrEditOutOfOfficeModal.tsx[0m:[93m56[0m:[93m26[0m - [91merror[0m[90m TS7006: [0mParameter 'lastPage' implicitly has an 'any' type.

[7m56[0m       getNextPageParam: (lastPage) => lastPage.nextCursor,
[7m  [0m [91m                         ~~~~~~~~[0m

[96m/Users/leoturbetdelof/Downloads/A trier/Thotis Final/cal.com-main/apps/web/modules/settings/outOfOffice/CreateOrEditOutOfOfficeModal.tsx[0m:[93m72[0m:[93m19[0m - [91merror[0m[90m TS7006: [0mParameter 'page' implicitly has an 'any' type.

[7m72[0m         .flatMap((page) => page.members)
[7m  [0m [91m                  ~~~~[0m

[96m/Users/leoturbetdelof/Downloads/A trier/Thotis Final/cal.com-main/apps/web/modules/settings/outOfOffice/CreateOrEditOutOfOfficeModal.tsx[0m:[93m73[0m:[93m19[0m - [91merror[0m[90m TS7006: [0mParameter 'member' implicitly has an 'any' type.

[7m73[0m         ?.filter((member) => me?.data?.id !== member.id)
[7m  [0m [91m                  ~~~~~~[0m

[96m/Users/leoturbetdelof/Downloads/A trier/Thotis Final/cal.com-main/apps/web/modules/settings/outOfOffice/CreateOrEditOutOfOfficeModal.tsx[0m:[93m74[0m:[93m15[0m - [91merror[0m[90m TS7006: [0mParameter 'member' implicitly has an 'any' type.

[7m74[0m         .map((member) => ({
[7m  [0m [91m              ~~~~~~[0m

[96m/Users/leoturbetdelof/Downloads/A trier/Thotis Final/cal.com-main/apps/web/modules/settings/outOfOffice/CreateOrEditOutOfOfficeModal.tsx[0m:[93m81[0m:[93m63[0m - [91merror[0m[90m TS2339: [0mProperty 'useInfiniteQuery' does not exist on type 'DecoratedQuery<RootConfig<{ ctx: InnerContext; meta: object; errorShape: { message: string; code: number; data: { [key: string]: unknown; code: string; httpStatus: number; path?: string | undefined; }; }; transformer: { ...; }; }>, QueryProcedure<...>>'.
  Property 'useInfiniteQuery' does not exist on type 'object & DecoratedQueryMethods<RootConfig<{ ctx: InnerContext; meta: object; errorShape: { message: string; code: number; data: { [key: string]: unknown; code: string; httpStatus: number; path?: string | undefined; }; }; transformer: { ...; }; }>, QueryProcedure<...>>'.

[7m81[0m   const redirectMembers = trpc.viewer.teams.legacyListMembers.useInfiniteQuery(
[7m  [0m [91m                                                              ~~~~~~~~~~~~~~~~[0m

[96m/Users/leoturbetdelof/Downloads/A trier/Thotis Final/cal.com-main/apps/web/modules/settings/outOfOffice/CreateOrEditOutOfOfficeModal.tsx[0m:[93m89[0m:[93m26[0m - [91merror[0m[90m TS7006: [0mParameter 'lastPage' implicitly has an 'any' type.

[7m89[0m       getNextPageParam: (lastPage) => lastPage.nextCursor,
[7m  [0m [91m                         ~~~~~~~~[0m

[96m/Users/leoturbetdelof/Downloads/A trier/Thotis Final/cal.com-main/apps/web/modules/settings/outOfOffice/CreateOrEditOutOfOfficeModal.tsx[0m:[93m98[0m:[93m17[0m - [91merror[0m[90m TS7006: [0mParameter 'page' implicitly has an 'any' type.

[7m98[0m       .flatMap((page) => page.members)
[7m  [0m [91m                ~~~~[0m

[96m/Users/leoturbetdelof/Downloads/A trier/Thotis Final/cal.com-main/apps/web/modules/settings/outOfOffice/CreateOrEditOutOfOfficeModal.tsx[0m:[93m99[0m:[93m17[0m - [91merror[0m[90m TS7006: [0mParameter 'member' implicitly has an 'any' type.

[7m99[0m       ?.filter((member) =>
[7m  [0m [91m                ~~~~~~[0m

[96m/Users/leoturbetdelof/Downloads/A trier/Thotis Final/cal.com-main/apps/web/modules/settings/outOfOffice/CreateOrEditOutOfOfficeModal.tsx[0m:[93m102[0m:[93m13[0m - [91merror[0m[90m TS7006: [0mParameter 'member' implicitly has an 'any' type.

[7m102[0m       .map((member) => ({
[7m   [0m [91m            ~~~~~~[0m

[96m/Users/leoturbetdelof/Downloads/A trier/Thotis Final/cal.com-main/apps/web/modules/settings/teams/[id]/event-types-view.tsx[0m:[93m57[0m:[93m7[0m - [91merror[0m[90m TS2322: [0mType '{ teamSlug: any; teamId: number; permissions: { canCreateEventType: boolean; }; urlPrefix: string; isPending: boolean; form: UseFormReturn<TCreateEventTypeInput, any>; isManagedEventType: boolean; handleSubmit: (values: any) => void; SubmitButton: (isPending: boolean) => Element; }' is not assignable to type 'IntrinsicAttributes'.
  Property 'teamSlug' does not exist on type 'IntrinsicAttributes'.

[7m57[0m       teamSlug={team?.slug}
[7m  [0m [91m      ~~~~~~~~[0m

[96m/Users/leoturbetdelof/Downloads/A trier/Thotis Final/cal.com-main/apps/web/modules/settings/teams/[id]/event-types-view.tsx[0m:[93m64[0m:[93m22[0m - [91merror[0m[90m TS7006: [0mParameter 'values' implicitly has an 'any' type.

[7m64[0m       handleSubmit={(values) => {
[7m  [0m [91m                     ~~~~~~[0m

[96m/Users/leoturbetdelof/Downloads/A trier/Thotis Final/cal.com-main/apps/web/modules/settings/teams/[id]/onboard-members-view.tsx[0m:[93m2[0m:[93m4[0m - [91merror[0m[90m TS2304: [0mCannot find name 'WizardLayout'.

[7m2[0m   <WizardLayout currentStep={2} maxSteps={3}>
[7m [0m [91m   ~~~~~~~~~~~~[0m

[96m/Users/leoturbetdelof/Downloads/A trier/Thotis Final/cal.com-main/apps/web/modules/settings/teams/[id]/onboard-members-view.tsx[0m:[93m4[0m:[93m5[0m - [91merror[0m[90m TS2304: [0mCannot find name 'WizardLayout'.

[7m4[0m   </WizardLayout>
[7m [0m [91m    ~~~~~~~~~~~~[0m

[96m/Users/leoturbetdelof/Downloads/A trier/Thotis Final/cal.com-main/apps/web/modules/shell/banners/LayoutBanner.tsx[0m:[93m76[0m:[93m32[0m - [91merror[0m[90m TS7053: [0mElement implicitly has an 'any' type because expression of type '"teamUpgradeBanner"' can't be used to index type 'AllBannerProps'.
  Property 'teamUpgradeBanner' does not exist on type 'AllBannerProps'.

[7m76[0m           return <Banner data={banners[key]} key={key} />;
[7m  [0m [91m                               ~~~~~~~~~~~~[0m

[96m/Users/leoturbetdelof/Downloads/A trier/Thotis Final/cal.com-main/apps/web/modules/shell/banners/LayoutBanner.tsx[0m:[93m78[0m:[93m26[0m - [91merror[0m[90m TS7053: [0mElement implicitly has an 'any' type because expression of type '"orgUpgradeBanner"' can't be used to index type 'BannerComponent'.
  Property 'orgUpgradeBanner' does not exist on type 'BannerComponent'.

[7m78[0m           const Banner = BannerComponent[key];
[7m  [0m [91m                         ~~~~~~~~~~~~~~~~~~~~[0m

[96m/Users/leoturbetdelof/Downloads/A trier/Thotis Final/cal.com-main/apps/web/modules/shell/banners/LayoutBanner.tsx[0m:[93m79[0m:[93m32[0m - [91merror[0m[90m TS7053: [0mElement implicitly has an 'any' type because expression of type '"orgUpgradeBanner"' can't be used to index type 'AllBannerProps'.
  Property 'orgUpgradeBanner' does not exist on type 'AllBannerProps'.

[7m79[0m           return <Banner data={banners[key]} key={key} />;
[7m  [0m [91m                               ~~~~~~~~~~~~[0m

[96m/Users/leoturbetdelof/Downloads/A trier/Thotis Final/cal.com-main/apps/web/modules/shell/banners/LayoutBanner.tsx[0m:[93m87[0m:[93m26[0m - [91merror[0m[90m TS7053: [0mElement implicitly has an 'any' type because expression of type '"impersonationBanner"' can't be used to index type 'BannerComponent'.
  Property 'impersonationBanner' does not exist on type 'BannerComponent'.

[7m87[0m           const Banner = BannerComponent[key];
[7m  [0m [91m                         ~~~~~~~~~~~~~~~~~~~~[0m

[96m/Users/leoturbetdelof/Downloads/A trier/Thotis Final/cal.com-main/apps/web/modules/shell/banners/LayoutBanner.tsx[0m:[93m88[0m:[93m32[0m - [91merror[0m[90m TS7053: [0mElement implicitly has an 'any' type because expression of type '"impersonationBanner"' can't be used to index type 'AllBannerProps'.
  Property 'impersonationBanner' does not exist on type 'AllBannerProps'.

[7m88[0m           return <Banner data={banners[key]} key={key} />;
[7m  [0m [91m                               ~~~~~~~~~~~~[0m

[96m/Users/leoturbetdelof/Downloads/A trier/Thotis Final/cal.com-main/apps/web/modules/shell/banners/LayoutBanner.tsx[0m:[93m96[0m:[93m26[0m - [91merror[0m[90m TS7053: [0mElement implicitly has an 'any' type because expression of type '"dueInvoiceBanner"' can't be used to index type 'BannerComponent'.
  Property 'dueInvoiceBanner' does not exist on type 'BannerComponent'.

[7m96[0m           const Banner = BannerComponent[key];
[7m  [0m [91m                         ~~~~~~~~~~~~~~~~~~~~[0m

[96m/Users/leoturbetdelof/Downloads/A trier/Thotis Final/cal.com-main/apps/web/modules/shell/banners/LayoutBanner.tsx[0m:[93m97[0m:[93m32[0m - [91merror[0m[90m TS7053: [0mElement implicitly has an 'any' type because expression of type '"dueInvoiceBanner"' can't be used to index type 'AllBannerProps'.
  Property 'dueInvoiceBanner' does not exist on type 'AllBannerProps'.

[7m97[0m           return <Banner data={banners[key]} key={key} />;
[7m  [0m [91m                               ~~~~~~~~~~~~[0m

[96m/Users/leoturbetdelof/Downloads/A trier/Thotis Final/cal.com-main/apps/web/modules/shell/UpgradeTip.tsx[0m:[93m30[0m:[93m53[0m - [91merror[0m[90m TS2554: [0mExpected 1-2 arguments, but got 0.

[7m30[0m   const { data } = trpc.viewer.teams.getUpgradeable.useQuery();
[7m  [0m [91m                                                    ~~~~~~~~[0m

  [96m../../node_modules/@trpc/react-query/dist/createTRPCReact.d.ts[0m:[93m13[0m:[93m158[0m
    [7m13[0m     <TQueryFnData extends inferTransformedProcedureOutput<TConfig, TProcedure> = inferTransformedProcedureOutput<TConfig, TProcedure>, TData = TQueryFnData>(input: inferProcedureInput<TProcedure>, opts?: UseTRPCQueryOptions<TQueryFnData, TData, TRPCClientErrorLike<TConfig>, inferTransformedProcedureOutput<TConfig, TProcedure>>): UseTRPCQueryResult<TData, TRPCClientErrorLike<TConfig>>;
    [7m  [0m [96m                                                                                                                                                             ~~~~~~~~~~~~~~~~~~~~~~~~~~~~~~~~~~~~~~[0m
    An argument for 'input' was not provided.

[96m/Users/leoturbetdelof/Downloads/A trier/Thotis Final/cal.com-main/apps/web/modules/team/team-view.tsx[0m:[93m48[0m:[93m11[0m - [91merror[0m[90m TS2322: [0mType '{} | null | undefined' is not assignable to type 'string | null | undefined'.
  Type '{}' is not assignable to type 'string'.

[7m48[0m           logoUrl={team.parent?.logoUrl || team.logoUrl}
[7m  [0m [91m          ~~~~~~~[0m

  [96m../../packages/ui/components/unpublished-entity/UnpublishedEntity.tsx[0m:[93m18[0m:[93m3[0m
    [7m18[0m   logoUrl?: string | null;
    [7m  [0m [96m  ~~~~~~~[0m
    The expected type comes from property 'logoUrl' which is declared here on type 'IntrinsicAttributes & UnpublishedEntityProps'

[96m/Users/leoturbetdelof/Downloads/A trier/Thotis Final/cal.com-main/apps/web/modules/team/team-view.tsx[0m:[93m49[0m:[93m11[0m - [91merror[0m[90m TS2322: [0mType 'unknown' is not assignable to type 'string | null | undefined'.

[7m49[0m           name={team.parent ? team.parent.name : team.name}
[7m  [0m [91m          ~~~~[0m

  [96m../../packages/ui/components/unpublished-entity/UnpublishedEntity.tsx[0m:[93m22[0m:[93m3[0m
    [7m22[0m   name?: string | null;
    [7m  [0m [96m  ~~~~[0m
    The expected type comes from property 'name' which is declared here on type 'IntrinsicAttributes & UnpublishedEntityProps'

[96m/Users/leoturbetdelof/Downloads/A trier/Thotis Final/cal.com-main/apps/web/modules/team/team-view.tsx[0m:[93m83[0m:[93m71[0m - [91merror[0m[90m TS2322: [0mType 'unknown' is not assignable to type 'ReactI18NextChildren'.

[7m83[0m                   <h2 className=" text-default text-sm font-semibold">{type.title}</h2>
[7m  [0m [91m                                                                      ~~~~~~~~~~~~[0m

  [96m../../node_modules/react-i18next/index.d.ts[0m:[93m47[0m:[93m5[0m
    [7m47[0m     children?: ReactI18NextChildren;
    [7m  [0m [96m    ~~~~~~~~[0m
    The expected type comes from property 'children' which is declared here on type 'DetailedHTMLProps<HTMLAttributes<HTMLHeadingElement>, HTMLHeadingElement>'

[96m/Users/leoturbetdelof/Downloads/A trier/Thotis Final/cal.com-main/apps/web/modules/team/team-view.tsx[0m:[93m85[0m:[93m59[0m - [91merror[0m[90m TS2322: [0mType 'Record<string, unknown>' is not assignable to type 'Pick<{ teamId: number | null; timeZone: string | null; length: number; metadata: JsonValue; price: number; id: number; description: string | null; hidden: boolean; title: string; ... 75 more ...; updatedAt: Date | null; }, "length" | ... 13 more ... | "currency"> & { ...; }'.
  Type 'Record<string, unknown>' is missing the following properties from type 'Pick<{ teamId: number | null; timeZone: string | null; length: number; metadata: JsonValue; price: number; id: number; description: string | null; hidden: boolean; title: string; ... 75 more ...; updatedAt: Date | null; }, "length" | ... 13 more ... | "currency">': length, metadata, price, id, and 11 more.

[7m85[0m                 <EventTypeDescription className="text-sm" eventType={type} />
[7m  [0m [91m                                                          ~~~~~~~~~[0m

  [96mmodules/event-types/components/EventTypeDescription.tsx[0m:[93m16[0m:[93m3[0m
    [7m16[0m   eventType: Pick<
    [7m  [0m [96m  ~~~~~~~~~[0m
    The expected type comes from property 'eventType' which is declared here on type 'IntrinsicAttributes & EventTypeDescriptionProps'

[96m/Users/leoturbetdelof/Downloads/A trier/Thotis Final/cal.com-main/apps/web/modules/team/team-view.tsx[0m:[93m88[0m:[93m88[0m - [91merror[0m[90m TS2322: [0mType 'unknown' is not assignable to type '(Pick<{ username: string | null; hideBranding: boolean; timeZone: string; metadata: JsonValue; creationSource: CreationSource | null; name: string | null; ... 40 more ...; autoOptInFeatures: boolean; }, "username" | ... 1 more ... | "avatarUrl"> & { ...; })[]'.

[7m88[0m                 <UserAvatarGroup truncateAfter={4} className="flex shrink-0" size="sm" users={type.users} />
[7m  [0m [91m                                                                                       ~~~~~[0m

  [96m../../packages/ui/components/avatar/UserAvatarGroup.tsx[0m:[93m9[0m:[93m3[0m
    [7m9[0m   users: (Pick<User, "name" | "username" | "avatarUrl"> & {
    [7m [0m [96m  ~~~~~[0m
    The expected type comes from property 'users' which is declared here on type 'IntrinsicAttributes & Omit<AvatarGroupProps, "items"> & { users: (Pick<{ username: string | null; hideBranding: boolean; timeZone: string; ... 43 more ...; autoOptInFeatures: boolean; }, "username" | ... 1 more ... | "avatarUrl"> & { ...; })[]; }'

[96m/Users/leoturbetdelof/Downloads/A trier/Thotis Final/cal.com-main/apps/web/modules/team/team-view.tsx[0m:[93m102[0m:[93m36[0m - [91merror[0m[90m TS2339: [0mProperty 'includes' does not exist on type '{}'.

[7m102[0m             (mem) => mem.subteams?.includes(ch.slug) && mem.accepted
[7m   [0m [91m                                   ~~~~~~~~[0m

[96m/Users/leoturbetdelof/Downloads/A trier/Thotis Final/cal.com-main/apps/web/modules/team/team-view.tsx[0m:[93m109[0m:[93m70[0m - [91merror[0m[90m TS2322: [0mType 'unknown' is not assignable to type 'ReactI18NextChildren'.

[7m109[0m                     <span className="text-default text-sm font-bold">{ch.name}</span>
[7m   [0m [91m                                                                     ~~~~~~~~~[0m

  [96m../../node_modules/react-i18next/index.d.ts[0m:[93m47[0m:[93m5[0m
    [7m47[0m     children?: ReactI18NextChildren;
    [7m  [0m [96m    ~~~~~~~~[0m
    The expected type comes from property 'children' which is declared here on type 'DetailedHTMLProps<HTMLAttributes<HTMLSpanElement>, HTMLSpanElement>'

[96m/Users/leoturbetdelof/Downloads/A trier/Thotis Final/cal.com-main/apps/web/modules/team/team-view.tsx[0m:[93m121[0m:[93m19[0m - [91merror[0m[90m TS2322: [0mType 'Record<string, unknown>[]' is not assignable to type '(Pick<{ username: string | null; hideBranding: boolean; timeZone: string; metadata: JsonValue; creationSource: CreationSource | null; name: string | null; ... 40 more ...; autoOptInFeatures: boolean; }, "username" | ... 1 more ... | "avatarUrl"> & { ...; })[]'.
  Type 'Record<string, unknown>' is not assignable to type 'Pick<{ username: string | null; hideBranding: boolean; timeZone: string; metadata: JsonValue; creationSource: CreationSource | null; name: string | null; ... 40 more ...; autoOptInFeatures: boolean; }, "username" | ... 1 more ... | "avatarUrl"> & { ...; }'.
    Type 'Record<string, unknown>' is missing the following properties from type 'Pick<{ username: string | null; hideBranding: boolean; timeZone: string; metadata: JsonValue; creationSource: CreationSource | null; name: string | null; ... 40 more ...; autoOptInFeatures: boolean; }, "username" | ... 1 more ... | "avatarUrl">': username, name, avatarUrl

[7m121[0m                   users={team.members.filter((mem) => mem.subteams?.includes(ch.slug) && mem.accepted)}
[7m   [0m [91m                  ~~~~~[0m

  [96m../../packages/ui/components/avatar/UserAvatarGroup.tsx[0m:[93m9[0m:[93m3[0m
    [7m9[0m   users: (Pick<User, "name" | "username" | "avatarUrl"> & {
    [7m [0m [96m  ~~~~~[0m
    The expected type comes from property 'users' which is declared here on type 'IntrinsicAttributes & Omit<AvatarGroupProps, "items"> & { users: (Pick<{ username: string | null; hideBranding: boolean; timeZone: string; ... 43 more ...; autoOptInFeatures: boolean; }, "username" | ... 1 more ... | "avatarUrl"> & { ...; })[]; }'

[96m/Users/leoturbetdelof/Downloads/A trier/Thotis Final/cal.com-main/apps/web/modules/team/team-view.tsx[0m:[93m121[0m:[93m69[0m - [91merror[0m[90m TS2339: [0mProperty 'includes' does not exist on type '{}'.

[7m121[0m                   users={team.members.filter((mem) => mem.subteams?.includes(ch.slug) && mem.accepted)}
[7m   [0m [91m                                                                    ~~~~~~~~[0m

[96m/Users/leoturbetdelof/Downloads/A trier/Thotis Final/cal.com-main/apps/web/modules/team/team-view.tsx[0m:[93m139[0m:[93m46[0m - [91merror[0m[90m TS2345: [0mArgument of type '{ name: string | null; slug: string | null; metadata: Record<string, unknown>; safeBio?: string | undefined; bio?: string | null | undefined; theme?: string | null | undefined; logoUrl?: string | ... 1 more ... | undefined; ... 6 more ...; eventTypes?: Record<...>[] | ... 1 more ... | undefined; }' is not assignable to parameter of type 'Pick<{ isPlatform: boolean; hideBranding: boolean; timeZone: string; metadata: JsonValue; name: string; id: number; slug: string | null; parentId: number | null; bookingLimits: JsonValue; ... 23 more ...; includeManagedEventsInLimits: boolean; }, "name" | "logoUrl"> & { ...; }'.
  Type '{ name: string | null; slug: string | null; metadata: Record<string, unknown>; safeBio?: string | undefined; bio?: string | null | undefined; theme?: string | null | undefined; logoUrl?: string | ... 1 more ... | undefined; ... 6 more ...; eventTypes?: Record<...>[] | ... 1 more ... | undefined; }' is not assignable to type 'Pick<{ isPlatform: boolean; hideBranding: boolean; timeZone: string; metadata: JsonValue; name: string; id: number; slug: string | null; parentId: number | null; bookingLimits: JsonValue; ... 23 more ...; includeManagedEventsInLimits: boolean; }, "name" | "logoUrl">'.
    Types of property 'name' are incompatible.
      Type 'string | null' is not assignable to type 'string'.
        Type 'null' is not assignable to type 'string'.

[7m139[0m   const profileImageSrc = getOrgOrTeamAvatar(team);
[7m   [0m [91m                                             ~~~~[0m

[96m/Users/leoturbetdelof/Downloads/A trier/Thotis Final/cal.com-main/apps/web/modules/team/team-view.tsx[0m:[93m157[0m:[93m44[0m - [91merror[0m[90m TS2322: [0mType 'string | undefined' is not assignable to type 'string'.
  Type 'undefined' is not assignable to type 'string'.

[7m157[0m                 dangerouslySetInnerHTML={{ __html: team.safeBio }}
[7m   [0m [91m                                           ~~~~~~[0m

[96m/Users/leoturbetdelof/Downloads/A trier/Thotis Final/cal.com-main/apps/web/modules/team/team-view.tsx[0m:[93m180[0m:[93m23[0m - [91merror[0m[90m TS2322: [0mType 'Record<string, unknown>[]' is not assignable to type 'MemberType[]'.
  Type 'Record<string, unknown>' is not assignable to type 'MemberType'.
    Type 'Record<string, unknown>' is missing the following properties from type 'Pick<any, "username" | "name" | "id" | "bio" | "avatarUrl" | "organizationId">': username, name, id, bio, and 2 more.

[7m180[0m                 <Team members={team.members} teamName={team.name} />
[7m   [0m [91m                      ~~~~~~~[0m

  [96mcomponents/team/screens/Team.tsx[0m:[93m73[0m:[93m40[0m
    [7m73[0m const Team = ({ members, teamName }: { members: MemberType[]; teamName: string | null }) => {
    [7m  [0m [96m                                       ~~~~~~~[0m
    The expected type comes from property 'members' which is declared here on type 'IntrinsicAttributes & { members: MemberType[]; teamName: string | null; }'

[96m/Users/leoturbetdelof/Downloads/A trier/Thotis Final/cal.com-main/apps/web/modules/team/type-view.tsx[0m:[93m47[0m:[93m11[0m - [91merror[0m[90m TS2322: [0mType '{ uid?: string | undefined; } | null | undefined' is not assignable to type '(Omit<{ eventTypeId: number | null; status: BookingStatus; user: { username: string | null; id: number; } | null; id: number; description: string | null; eventType: { ...; } | null; ... 8 more ...; attendees: { ...; }[]; }, "responses"> & { ...; }) | null | undefined'.
  Type '{ uid?: string | undefined; }' is not assignable to type 'Omit<{ eventTypeId: number | null; status: BookingStatus; user: { username: string | null; id: number; } | null; id: number; description: string | null; eventType: { disableRescheduling: boolean | null; minimumRescheduleNotice: number | null; } | null; ... 8 more ...; attendees: { ...; }[]; }, "responses"> & { ...; }'.
    Type '{ uid?: string | undefined; }' is missing the following properties from type 'Omit<{ eventTypeId: number | null; status: BookingStatus; user: { username: string | null; id: number; } | null; id: number; description: string | null; eventType: { disableRescheduling: boolean | null; minimumRescheduleNotice: number | null; } | null; ... 8 more ...; attendees: { ...; }[]; }, "responses">': eventTypeId, status, user, id, and 9 more.

[7m47[0m           bookingData={booking}
[7m  [0m [91m          ~~~~~~~~~~~[0m

  [96m../../packages/features/bookings/Booker/types.ts[0m:[93m69[0m:[93m3[0m
    [7m69[0m   bookingData?: GetBookingType;
    [7m  [0m [96m  ~~~~~~~~~~~[0m
    The expected type comes from property 'bookingData' which is declared here on type 'IntrinsicAttributes & BookerProps & { eventData?: any; }'

[96m/Users/leoturbetdelof/Downloads/A trier/Thotis Final/cal.com-main/apps/web/modules/team/type-view.tsx[0m:[93m51[0m:[93m11[0m - [91merror[0m[90m TS2741: [0mProperty 'considerUnpublished' is missing in type '{ eventTypeId: number | undefined; orgSlug?: string | null; teamSlug?: string | null; }' but required in type '{ fromRedirectOfNonOrgLink?: boolean | undefined; considerUnpublished: boolean; isUnpublished?: boolean | undefined; orgSlug?: string | null | undefined; teamSlug?: string | null | undefined; name?: string | ... 1 more ... | undefined; logoUrl?: string | ... 1 more ... | undefined; eventTypeId?: number | ... 1 more ...'.

[7m51[0m           entity={{ ...eventData.entity, eventTypeId: eventData?.eventTypeId }}
[7m  [0m [91m          ~~~~~~[0m

  [96m../../packages/features/bookings/Booker/types.ts[0m:[93m31[0m:[93m5[0m
    [7m31[0m     considerUnpublished: boolean;
    [7m  [0m [96m    ~~~~~~~~~~~~~~~~~~~[0m
    'considerUnpublished' is declared here.
  [96m../../packages/features/bookings/Booker/types.ts[0m:[93m29[0m:[93m3[0m
    [7m29[0m   entity: {
    [7m  [0m [96m  ~~~~~~[0m
    The expected type comes from property 'entity' which is declared here on type 'IntrinsicAttributes & BookerProps & { eventData?: any; }'

[96m/Users/leoturbetdelof/Downloads/A trier/Thotis Final/cal.com-main/apps/web/modules/team/type-view.tsx[0m:[93m52[0m:[93m11[0m - [91merror[0m[90m TS2322: [0mType 'unknown' is not assignable to type 'number[] | undefined'.

[7m52[0m           durationConfig={eventData.metadata?.multipleDuration}
[7m  [0m [91m          ~~~~~~~~~~~~~~[0m

  [96m../../packages/features/bookings/Booker/types.ts[0m:[93m86[0m:[93m3[0m
    [7m86[0m   durationConfig?: number[];
    [7m  [0m [96m  ~~~~~~~~~~~~~~[0m
    The expected type comes from property 'durationConfig' which is declared here on type 'IntrinsicAttributes & BookerProps & { eventData?: any; }'

[96m/Users/leoturbetdelof/Downloads/A trier/Thotis Final/cal.com-main/apps/web/modules/team/type-view.tsx[0m:[93m57[0m:[93m13[0m - [91merror[0m[90m TS2345: [0mArgument of type 'unknown' is not assignable to parameter of type 'number[] | undefined'.

[7m57[0m             eventData.metadata?.multipleDuration,
[7m  [0m [91m            ~~~~~~~~~~~~~~~~~~~~~~~~~~~~~~~~~~~~[0m

[96m/Users/leoturbetdelof/Downloads/A trier/Thotis Final/cal.com-main/apps/web/modules/upgrade/upgrade-view.tsx[0m:[93m29[0m:[93m85[0m - [91merror[0m[90m TS2554: [0mExpected 1-2 arguments, but got 0.

[7m29[0m   const doesUserHaveOrgToUpgrade = trpc.viewer.organizations.checkIfOrgNeedsUpgrade.useQuery();
[7m  [0m [91m                                                                                    ~~~~~~~~[0m

  [96m../../node_modules/@trpc/react-query/dist/createTRPCReact.d.ts[0m:[93m13[0m:[93m158[0m
    [7m13[0m     <TQueryFnData extends inferTransformedProcedureOutput<TConfig, TProcedure> = inferTransformedProcedureOutput<TConfig, TProcedure>, TData = TQueryFnData>(input: inferProcedureInput<TProcedure>, opts?: UseTRPCQueryOptions<TQueryFnData, TData, TRPCClientErrorLike<TConfig>, inferTransformedProcedureOutput<TConfig, TProcedure>>): UseTRPCQueryResult<TData, TRPCClientErrorLike<TConfig>>;
    [7m  [0m [96m                                                                                                                                                             ~~~~~~~~~~~~~~~~~~~~~~~~~~~~~~~~~~~~~~[0m
    An argument for 'input' was not provided.

[96m/Users/leoturbetdelof/Downloads/A trier/Thotis Final/cal.com-main/apps/web/modules/upgrade/upgrade-view.tsx[0m:[93m42[0m:[93m38[0m - [91merror[0m[90m TS2554: [0mExpected 1-2 arguments, but got 0.

[7m42[0m                   publishOrgMutation.mutate();
[7m  [0m [91m                                     ~~~~~~[0m

  [96m../../node_modules/@tanstack/react-query/build/legacy/types.d.ts[0m:[93m22[0m:[93m106[0m
    [7m22[0m type UseMutateFunction<TData = unknown, TError = DefaultError, TVariables = void, TContext = unknown> = (...args: Parameters<MutateFunction<TData, TError, TVariables, TContext>>) => void;
    [7m  [0m [96m                                                                                                         ~~~~~~~~~~~~~~~~~~~~~~~~~~~~~~~~~~~~~~~~~~~~~~~~~~~~~~~~~~~~~~~~~~~~~~~~[0m
    Arguments for the rest parameter 'args' were not provided.

[96m/Users/leoturbetdelof/Downloads/A trier/Thotis Final/cal.com-main/apps/web/modules/users/components/UserTable/BulkActions/EventTypesList.tsx[0m:[93m32[0m:[93m34[0m - [91merror[0m[90m TS7006: [0mParameter 'team' implicitly has an 'any' type.

[7m32[0m   const teamIds = orgTeams?.map((team) => team.id);
[7m  [0m [91m                                 ~~~~[0m

[96m/Users/leoturbetdelof/Downloads/A trier/Thotis Final/cal.com-main/apps/web/modules/users/components/UserTable/BulkActions/TeamList.tsx[0m:[93m27[0m:[93m62[0m - [91merror[0m[90m TS2554: [0mExpected 1-2 arguments, but got 0.

[7m27[0m   const { data: teams } = trpc.viewer.organizations.getTeams.useQuery();
[7m  [0m [91m                                                             ~~~~~~~~[0m

  [96m../../node_modules/@trpc/react-query/dist/createTRPCReact.d.ts[0m:[93m13[0m:[93m158[0m
    [7m13[0m     <TQueryFnData extends inferTransformedProcedureOutput<TConfig, TProcedure> = inferTransformedProcedureOutput<TConfig, TProcedure>, TData = TQueryFnData>(input: inferProcedureInput<TProcedure>, opts?: UseTRPCQueryOptions<TQueryFnData, TData, TRPCClientErrorLike<TConfig>, inferTransformedProcedureOutput<TConfig, TProcedure>>): UseTRPCQueryResult<TData, TRPCClientErrorLike<TConfig>>;
    [7m  [0m [96m                                                                                                                                                             ~~~~~~~~~~~~~~~~~~~~~~~~~~~~~~~~~~~~~~[0m
    An argument for 'input' was not provided.

[96m/Users/leoturbetdelof/Downloads/A trier/Thotis Final/cal.com-main/apps/web/modules/users/components/UserTable/BulkActions/TeamList.tsx[0m:[93m98[0m:[93m30[0m - [91merror[0m[90m TS7006: [0mParameter 'option' implicitly has an 'any' type.

[7m98[0m                   teams.map((option) => {
[7m  [0m [91m                             ~~~~~~[0m

[96m/Users/leoturbetdelof/Downloads/A trier/Thotis Final/cal.com-main/apps/web/modules/users/components/UserTable/BulkActions/TeamList.tsx[0m:[93m100[0m:[93m40[0m - [91merror[0m[90m TS7006: [0mParameter 'team' implicitly has an 'any' type.

[7m100[0m                       user.teams.some((team) => team.id === option.id)
[7m   [0m [91m                                       ~~~~[0m

[96m/Users/leoturbetdelof/Downloads/A trier/Thotis Final/cal.com-main/apps/web/modules/users/components/UserTable/EditSheet/EditUserForm.tsx[0m:[93m183[0m:[93m13[0m - [91merror[0m[90m TS2578: [0mUnused '@ts-expect-error' directive.

[7m183[0m             // @ts-expect-error they're there in local types but for some reason it errors?
[7m   [0m [91m            ~~~~~~~~~~~~~~~~~~~~~~~~~~~~~~~~~~~~~~~~~~~~~~~~~~~~~~~~~~~~~~~~~~~~~~~~~~~~~~~[0m

[96m/Users/leoturbetdelof/Downloads/A trier/Thotis Final/cal.com-main/apps/web/modules/users/components/UserTable/EditSheet/EditUserSheet.tsx[0m:[93m50[0m:[93m9[0m - [91merror[0m[90m TS2578: [0mUnused '@ts-expect-error' directive.

[7m50[0m         // @ts-expect-error We know it exists as it is only called when selectedUser is defined
[7m  [0m [91m        ~~~~~~~~~~~~~~~~~~~~~~~~~~~~~~~~~~~~~~~~~~~~~~~~~~~~~~~~~~~~~~~~~~~~~~~~~~~~~~~~~~~~~~~[0m

[96m/Users/leoturbetdelof/Downloads/A trier/Thotis Final/cal.com-main/apps/web/modules/users/components/UserTable/EditSheet/EditUserSheet.tsx[0m:[93m60[0m:[93m78[0m - [91merror[0m[90m TS7006: [0mParameter 's' implicitly has an 'any' type.

[7m60[0m   const schedulesNames = loadedUser?.schedules && loadedUser?.schedules.map((s) => s.name);
[7m  [0m [91m                                                                             ~[0m

[96m/Users/leoturbetdelof/Downloads/A trier/Thotis Final/cal.com-main/apps/web/modules/users/components/UserTable/EditSheet/EditUserSheet.tsx[0m:[93m62[0m:[93m49[0m - [91merror[0m[90m TS7006: [0mParameter 't' implicitly has an 'any' type.

[7m62[0m     loadedUser?.teams && loadedUser?.teams.map((t) => `${t.name} ${!t.accepted ? "(pending)" : ""}`);
[7m  [0m [91m                                                ~[0m

[96m/Users/leoturbetdelof/Downloads/A trier/Thotis Final/cal.com-main/apps/web/modules/users/components/UserTable/PlatformManagedUsersTable.tsx[0m:[93m185[0m:[93m47[0m - [91merror[0m[90m TS7006: [0mParameter 'team' implicitly has an 'any' type.

[7m185[0m         accessorFn: (data) => data.teams.map((team) => team.name),
[7m   [0m [91m                                              ~~~~[0m

[96m/Users/leoturbetdelof/Downloads/A trier/Thotis Final/cal.com-main/apps/web/modules/users/components/UserTable/PlatformManagedUsersTable.tsx[0m:[93m209[0m:[93m27[0m - [91merror[0m[90m TS7006: [0mParameter 'team' implicitly has an 'any' type.

[7m209[0m               {teams.map((team) => (
[7m   [0m [91m                          ~~~~[0m

[96m/Users/leoturbetdelof/Downloads/A trier/Thotis Final/cal.com-main/apps/web/modules/users/components/UserTable/PlatformManagedUsersTable.tsx[0m:[93m308[0m:[93m15[0m - [91merror[0m[90m TS2322: [0mType 'PlatformManagedUserTableUser[]' is not assignable to type '{ id: any; }[]'.
  Property 'id' is missing in type 'PlatformManagedUserTableUser' but required in type '{ id: any; }'.

[7m308[0m               users={table.getSelectedRowModel().flatRows.map((row) => row.original)}
[7m   [0m [91m              ~~~~~[0m

  [96mmodules/users/components/UserTable/BulkActions/DeleteBulkUsers.tsx[0m:[93m10[0m:[93m18[0m
    [7m10[0m   users: Array<{ id: UserTableUser["id"] }>;
    [7m  [0m [96m                 ~~[0m
    'id' is declared here.
  [96mmodules/users/components/UserTable/BulkActions/DeleteBulkUsers.tsx[0m:[93m10[0m:[93m3[0m
    [7m10[0m   users: Array<{ id: UserTableUser["id"] }>;
    [7m  [0m [96m  ~~~~~[0m
    The expected type comes from property 'users' which is declared here on type 'IntrinsicAttributes & Props'

[96m/Users/leoturbetdelof/Downloads/A trier/Thotis Final/cal.com-main/apps/web/modules/users/components/UserTable/UserListTable.tsx[0m:[93m233[0m:[93m38[0m - [91merror[0m[90m TS7006: [0mParameter 'attr' implicitly has an 'any' type.

[7m233[0m               data.attributes?.find((attr) => attr.attributeId === attribute.id)?.value,
[7m   [0m [91m                                     ~~~~[0m

[96m/Users/leoturbetdelof/Downloads/A trier/Thotis Final/cal.com-main/apps/web/modules/users/components/UserTable/UserListTable.tsx[0m:[93m236[0m:[93m18[0m - [91merror[0m[90m TS7006: [0mParameter 'attr' implicitly has an 'any' type.

[7m236[0m                 (attr) => attr.attributeId === attribute.id
[7m   [0m [91m                 ~~~~[0m

[96m/Users/leoturbetdelof/Downloads/A trier/Thotis Final/cal.com-main/apps/web/modules/users/components/UserTable/UserListTable.tsx[0m:[93m242[0m:[93m47[0m - [91merror[0m[90m TS7006: [0mParameter 'attributeValue' implicitly has an 'any' type.

[7m242[0m                   items={attributeValues.map((attributeValue) => {
[7m   [0m [91m                                              ~~~~~~~~~~~~~~[0m

[96m/Users/leoturbetdelof/Downloads/A trier/Thotis Final/cal.com-main/apps/web/modules/users/components/UserTable/UserListTable.tsx[0m:[93m365[0m:[93m62[0m - [91merror[0m[90m TS7006: [0mParameter 'team' implicitly has an 'any' type.

[7m365[0m         accessorFn: (data: UserTableUser) => data.teams.map((team) => team.name),
[7m   [0m [91m                                                             ~~~~[0m

[96m/Users/leoturbetdelof/Downloads/A trier/Thotis Final/cal.com-main/apps/web/modules/users/components/UserTable/UserListTable.tsx[0m:[93m390[0m:[93m35[0m - [91merror[0m[90m TS7006: [0mParameter 'team' implicitly has an 'any' type.

[7m390[0m                 items={teams.map((team) => ({
[7m   [0m [91m                                  ~~~~[0m

[96m/Users/leoturbetdelof/Downloads/A trier/Thotis Final/cal.com-main/apps/web/modules/users/components/UserTable/UserListTable.tsx[0m:[93m559[0m:[93m44[0m - [91merror[0m[90m TS7006: [0mParameter 'team' implicitly has an 'any' type.

[7m559[0m               facetedTeamValues.teams.map((team) => ({
[7m   [0m [91m                                           ~~~~[0m

[96m/Users/leoturbetdelof/Downloads/A trier/Thotis Final/cal.com-main/apps/web/modules/users/lib/UserListTableUtils.ts[0m:[93m61[0m:[93m8[0m - [91merror[0m[90m TS7006: [0mParameter 'acc' implicitly has an 'any' type.

[7m61[0m       (acc, attr) => {
[7m  [0m [91m       ~~~[0m

[96m/Users/leoturbetdelof/Downloads/A trier/Thotis Final/cal.com-main/apps/web/modules/users/lib/UserListTableUtils.ts[0m:[93m61[0m:[93m13[0m - [91merror[0m[90m TS7006: [0mParameter 'attr' implicitly has an 'any' type.

[7m61[0m       (acc, attr) => {
[7m  [0m [91m            ~~~~[0m

[96m/Users/leoturbetdelof/Downloads/A trier/Thotis Final/cal.com-main/apps/web/modules/users/lib/UserListTableUtils.ts[0m:[93m78[0m:[93m32[0m - [91merror[0m[90m TS7006: [0mParameter 'team' implicitly has an 'any' type.

[7m78[0m       sanitizeValue(teams.map((team) => team.name).join(",")), // Teams column
[7m  [0m [91m                               ~~~~[0m

[96m/Users/leoturbetdelof/Downloads/A trier/Thotis Final/cal.com-main/apps/web/modules/users/lib/UserListTableUtils.ts[0m:[93m87[0m:[93m25[0m - [91merror[0m[90m TS7006: [0mParameter 'attr' implicitly has an 'any' type.

[7m87[0m         attributes.map((attr) => (attr.weight ? `${attr.value} (${attr.weight}%)` : attr.value)).join(",")
[7m  [0m [91m                        ~~~~[0m

[96m/Users/leoturbetdelof/Downloads/A trier/Thotis Final/cal.com-main/apps/web/server/lib/auth/sso/[provider]/getServerSideProps.tsx[0m:[93m18[0m:[93m14[0m - [91merror[0m[90m TS2304: [0mCannot find name 'TrackingData'.

[7m18[0m   tracking?: TrackingData;
[7m  [0m [91m             ~~~~~~~~~~~~[0m

[96m/Users/leoturbetdelof/Downloads/A trier/Thotis Final/cal.com-main/apps/web/server/lib/auth/sso/[provider]/getServerSideProps.tsx[0m:[93m29[0m:[93m26[0m - [91merror[0m[90m TS2304: [0mCannot find name 'stripe'.

[7m29[0m   const customer = await stripe.customers.create({
[7m  [0m [91m                         ~~~~~~[0m

[96m/Users/leoturbetdelof/Downloads/A trier/Thotis Final/cal.com-main/apps/web/server/lib/auth/sso/[provider]/getServerSideProps.tsx[0m:[93m37[0m:[93m33[0m - [91merror[0m[90m TS2304: [0mCannot find name 'stripe'.

[7m37[0m   const checkoutSession = await stripe.checkout.sessions.create({
[7m  [0m [91m                                ~~~~~~[0m

[96m/Users/leoturbetdelof/Downloads/A trier/Thotis Final/cal.com-main/apps/web/server/lib/auth/sso/[provider]/getServerSideProps.tsx[0m:[93m42[0m:[93m16[0m - [91merror[0m[90m TS2304: [0mCannot find name 'getPremiumMonthlyPlanPriceId'.

[7m42[0m         price: getPremiumMonthlyPlanPriceId(),
[7m  [0m [91m               ~~~~~~~~~~~~~~~~~~~~~~~~~~~~[0m

[96m/Users/leoturbetdelof/Downloads/A trier/Thotis Final/cal.com-main/packages/features/auth/lib/next-auth-options.ts[0m:[93m829[0m:[93m14[0m - [91merror[0m[90m TS2304: [0mCannot find name 'hostedCal'.

[7m829[0m             !hostedCal &&
[7m   [0m [91m             ~~~~~~~~~[0m

[96m/Users/leoturbetdelof/Downloads/A trier/Thotis Final/cal.com-main/packages/features/bookings/Booker/hooks/useBookerLayout.ts[0m:[93m61[0m:[93m62[0m - [91merror[0m[90m TS7006: [0mParameter 'userLayout' implicitly has an 'any' type.

[7m61[0m       const validLayout = bookerLayouts.enabledLayouts.find((userLayout) => userLayout === layout);
[7m  [0m [91m                                                             ~~~~~~~~~~[0m

[96m/Users/leoturbetdelof/Downloads/A trier/Thotis Final/cal.com-main/packages/features/bookings/Booker/hooks/useInitialFormValues.ts[0m:[93m149[0m:[93m59[0m - [91merror[0m[90m TS7006: [0mParameter 'responses' implicitly has an 'any' type.

[7m149[0m         const responses = eventType.bookingFields.reduce((responses, field) => {
[7m   [0m [91m                                                          ~~~~~~~~~[0m

[96m/Users/leoturbetdelof/Downloads/A trier/Thotis Final/cal.com-main/packages/features/bookings/Booker/hooks/useInitialFormValues.ts[0m:[93m149[0m:[93m70[0m - [91merror[0m[90m TS7006: [0mParameter 'field' implicitly has an 'any' type.

[7m149[0m         const responses = eventType.bookingFields.reduce((responses, field) => {
[7m   [0m [91m                                                                     ~~~~~[0m

[96m/Users/leoturbetdelof/Downloads/A trier/Thotis Final/cal.com-main/packages/features/bookings/Booker/hooks/useInitialFormValues.ts[0m:[93m179[0m:[93m57[0m - [91merror[0m[90m TS7006: [0mParameter 'responses' implicitly has an 'any' type.

[7m179[0m       const responses = eventType.bookingFields.reduce((responses, field) => {
[7m   [0m [91m                                                        ~~~~~~~~~[0m

[96m/Users/leoturbetdelof/Downloads/A trier/Thotis Final/cal.com-main/packages/features/bookings/Booker/hooks/useInitialFormValues.ts[0m:[93m179[0m:[93m68[0m - [91merror[0m[90m TS7006: [0mParameter 'field' implicitly has an 'any' type.

[7m179[0m       const responses = eventType.bookingFields.reduce((responses, field) => {
[7m   [0m [91m                                                                   ~~~~~[0m


Found 192 errors in 65 files.

Errors  Files
     1  app/(booking-page-wrapper)/team/[slug]/[type]/page.tsx[90m:47[0m
     1  app/(booking-page-wrapper)/team/[slug]/page.tsx[90m:21[0m
     1  app/api/cron/credentials/__tests__/cron.test.ts[90m:4[0m
     6  app/api/cron/selected-calendars/route.ts[90m:125[0m
     1  app/api/cron/workflows/scheduleWhatsappReminders/route.ts[90m:7[0m
     9  app/api/webhooks/retell-ai/__tests__/route.test.ts[90m:77[0m
     1  app/students/[field]/page.tsx[90m:19[0m
     1  app/thotis/admin/incidents/page.tsx[90m:161[0m
     1  app/thotis/mentor/[username]/page.tsx[90m:100[0m
     1  app/thotis/mentors/page.tsx[90m:62[0m
     1  components/apps/alby/AlbyPaymentComponent.tsx[90m:186[0m
     1  components/apps/btcpayserver/BtcpayPaymentComponent.tsx[90m:141[0m
     2  components/apps/make/Setup.tsx[90m:26[0m
     2  components/dialog/ChargeCardDialog.tsx[90m:25[0m
     6  components/dialog/ReassignDialog.tsx[90m:80[0m
     1  components/dialog/WrongAssignmentDialog.tsx[90m:244[0m
     1  components/getting-started/steps-views/ConnectCalendars.tsx[90m:53[0m
     4  components/ui/UsernameAvailability/PremiumTextfield.tsx[90m:82[0m
     1  lib/pages/auth/verify-email.test.ts[90m:2[0m
     1  lib/pages/auth/verify-email.ts[90m:7[0m
     5  lib/pages/document/_applyThemeForDocument.test.ts[90m:26[0m
     6  modules/auth/sso/provider-view.tsx[90m:18[0m
     6  modules/billing/hooks/useHasPaidPlan.ts[90m:8[0m
     1  modules/bookings/components/Booker.tsx[90m:86[0m
     1  modules/bookings/components/BookerWebWrapper.tsx[90m:201[0m
    13  modules/bookings/components/BookEventForm/BookingFields.tsx[90m:51[0m
     3  modules/bookings/components/event-meta/Duration.tsx[90m:118[0m
     2  modules/bookings/components/event-meta/Locations.tsx[90m:42[0m
     3  modules/bookings/hooks/useBookings.ts[90m:304[0m
     4  modules/bookings/hooks/useFacetedUniqueValues.ts[90m:19[0m
     3  modules/calendars/components/SelectedCalendarsSettingsWebWrapper.tsx[90m:73[0m
     2  modules/data-table/components/segment/SaveFilterSegmentButton.tsx[90m:71[0m
     2  modules/event-types/components/CreateEventTypeDialog.tsx[90m:124[0m
     1  modules/event-types/components/EventTypeWebWrapper.tsx[90m:208[0m
     1  modules/event-types/components/locations/Locations.tsx[90m:121[0m
     1  modules/event-types/components/tabs/advanced/EventAdvancedWebWrapper.tsx[90m:8[0m
     3  modules/event-types/views/event-types-listing-view.tsx[90m:941[0m
     5  modules/filters/components/TeamsFilter.tsx[90m:48[0m
     1  modules/insights/views/insights-call-history-view.tsx[90m:339[0m
     2  modules/members/getOrgMembersPageData.ts[90m:34[0m
     5  modules/onboarding/organization/migrate-teams/organization-migrate-teams-view.tsx[90m:76[0m
     2  modules/onboarding/student-profile/student-profile-view.tsx[90m:8[0m
     1  modules/org/[orgSlug]/instant-meeting/team/[slug]/[type]/instant-meeting-view.tsx[90m:6[0m
     3  modules/settings/admin/oauth-clients-admin-view.tsx[90m:36[0m
     1  modules/settings/billing/components/InvoicesTable.tsx[90m:164[0m
     1  modules/settings/outOfOffice/CreateNewOutOfOfficeEntryButton.tsx[90m:23[0m
    10  modules/settings/outOfOffice/CreateOrEditOutOfOfficeModal.tsx[90m:52[0m
     2  modules/settings/teams/[id]/event-types-view.tsx[90m:57[0m
     2  modules/settings/teams/[id]/onboard-members-view.tsx[90m:2[0m
     7  modules/shell/banners/LayoutBanner.tsx[90m:76[0m
     1  modules/shell/UpgradeTip.tsx[90m:30[0m
    12  modules/team/team-view.tsx[90m:48[0m
     4  modules/team/type-view.tsx[90m:47[0m
     2  modules/upgrade/upgrade-view.tsx[90m:29[0m
     1  modules/users/components/UserTable/BulkActions/EventTypesList.tsx[90m:32[0m
     3  modules/users/components/UserTable/BulkActions/TeamList.tsx[90m:27[0m
     1  modules/users/components/UserTable/EditSheet/EditUserForm.tsx[90m:183[0m
     3  modules/users/components/UserTable/EditSheet/EditUserSheet.tsx[90m:50[0m
     3  modules/users/components/UserTable/PlatformManagedUsersTable.tsx[90m:185[0m
     6  modules/users/components/UserTable/UserListTable.tsx[90m:233[0m
     4  modules/users/lib/UserListTableUtils.ts[90m:61[0m
     4  server/lib/auth/sso/[provider]/getServerSideProps.tsx[90m:18[0m
     1  ../../packages/features/auth/lib/next-auth-options.ts[90m:829[0m
     1  ../../packages/features/bookings/Booker/hooks/useBookerLayout.ts[90m:61[0m
     4  ../../packages/features/bookings/Booker/hooks/useInitialFormValues.ts[90m:149[0m
ERROR: command finished with error: command (/Users/leoturbetdelof/Downloads/A trier/Thotis Final/cal.com-main/apps/web) /private/var/folders/lf/_1ctg98j7pnd72hph771429h0000gn/T/xfs-ea28d546/yarn run type-check:ci exited (2)
@calcom/web#type-check:ci: command (/Users/leoturbetdelof/Downloads/A trier/Thotis Final/cal.com-main/apps/web) /private/var/folders/lf/_1ctg98j7pnd72hph771429h0000gn/T/xfs-ea28d546/yarn run type-check:ci exited (2)

 Tasks:    9 successful, 10 total
Cached:    0 cached, 10 total
  Time:    1m17.505s 
Failed:    @calcom/web#type-check:ci

 ERROR  run failed: command  exited (2)
